# Nmap 7.92 scan initiated Mon Apr  4 11:10:07 2022 as: nmap -sV -sC -Pn -A -p 88,135,389,593,636,3389,5985,6500,6501,47001,49664,49665,49666,49669,49672,49673,49674,49678,49693,49705 -oN ./Results/02-nmap-initial.log 10.10.126.218
Nmap scan report for 10.10.126.218
Host is up (0.26s latency).

PORT      STATE  SERVICE       VERSION
88/tcp    open   kerberos-sec  Microsoft Windows Kerberos (server time: 2022-04-04 15:10:14Z)
135/tcp   open   msrpc         Microsoft Windows RPC
389/tcp   open   ldap          Microsoft Windows Active Directory LDAP (Domain: raz0rblack.thm, Site: Default-First-Site-Name)
593/tcp   open   ncacn_http    Microsoft Windows RPC over HTTP 1.0
636/tcp   open   tcpwrapped
3389/tcp  open   ms-wbt-server Microsoft Terminal Services
|_ssl-date: 2022-04-04T15:11:16+00:00; -1s from scanner time.
| ssl-cert: Subject: commonName=HAVEN-DC.raz0rblack.thm
| Not valid before: 2022-04-03T15:06:10
|_Not valid after:  2022-10-03T15:06:10
| rdp-ntlm-info: 
|   Target_Name: RAZ0RBLACK
|   NetBIOS_Domain_Name: RAZ0RBLACK
|   NetBIOS_Computer_Name: HAVEN-DC
|   DNS_Domain_Name: raz0rblack.thm
|   DNS_Computer_Name: HAVEN-DC.raz0rblack.thm
|   Product_Version: 10.0.17763
|_  System_Time: 2022-04-04T15:11:11+00:00
5985/tcp  open   http          Microsoft HTTPAPI httpd 2.0 (SSDP/UPnP)
|_http-server-header: Microsoft-HTTPAPI/2.0
|_http-title: Not Found
6500/tcp  closed boks
6501/tcp  closed boks_servc
47001/tcp open   http          Microsoft HTTPAPI httpd 2.0 (SSDP/UPnP)
|_http-title: Not Found
|_http-server-header: Microsoft-HTTPAPI/2.0
49664/tcp open   msrpc         Microsoft Windows RPC
49665/tcp open   msrpc         Microsoft Windows RPC
49666/tcp open   msrpc         Microsoft Windows RPC
49669/tcp open   msrpc         Microsoft Windows RPC
49672/tcp open   ncacn_http    Microsoft Windows RPC over HTTP 1.0
49673/tcp open   msrpc         Microsoft Windows RPC
49674/tcp open   msrpc         Microsoft Windows RPC
49678/tcp open   msrpc         Microsoft Windows RPC
49693/tcp open   msrpc         Microsoft Windows RPC
49705/tcp open   msrpc         Microsoft Windows RPC
Service Info: Host: HAVEN-DC; OS: Windows; CPE: cpe:/o:microsoft:windows

Host script results:
|_clock-skew: mean: -1s, deviation: 0s, median: -1s

Service detection performed. Please report any incorrect results at https://nmap.org/submit/ .
# Nmap done at Mon Apr  4 11:11:21 2022 -- 1 IP address (1 host up) scanned in 73.95 seconds
