# Nmap 7.92 scan initiated Sat Mar 26 05:41:00 2022 as: nmap -p 80,6498,65524 -sV -sC -A -oN ./Results/nmap02.log 10.10.53.218
Nmap scan report for 10.10.53.218
Host is up (0.23s latency).

PORT      STATE SERVICE VERSION
80/tcp    open  http    nginx 1.16.1
| http-robots.txt: 1 disallowed entry 
|_/
|_http-title: Welcome to nginx!
|_http-server-header: nginx/1.16.1
6498/tcp  open  ssh     OpenSSH 7.6p1 Ubuntu 4ubuntu0.3 (Ubuntu Linux; protocol 2.0)
| ssh-hostkey: 
|   2048 30:4a:2b:22:ac:d9:56:09:f2:da:12:20:57:f4:6c:d4 (RSA)
|   256 bf:86:c9:c7:b7:ef:8c:8b:b9:94:ae:01:88:c0:85:4d (ECDSA)
|_  256 a1:72:ef:6c:81:29:13:ef:5a:6c:24:03:4c:fe:3d:0b (ED25519)
65524/tcp open  http    Apache httpd 2.4.43 ((Ubuntu))
| http-robots.txt: 1 disallowed entry 
|_/
|_http-title: Apache2 Debian Default Page: It works
|_http-server-header: Apache/2.4.43 (Ubuntu)
Service Info: OS: Linux; CPE: cpe:/o:linux:linux_kernel

Service detection performed. Please report any incorrect results at https://nmap.org/submit/ .
# Nmap done at Sat Mar 26 05:41:21 2022 -- 1 IP address (1 host up) scanned in 21.16 seconds
