===============================================================
Gobuster v3.1.0
by OJ Reeves (@TheColonial) & Christian Mehlmauer (@firefart)
===============================================================
[+] Url:                     http://10.10.58.80
[+] Method:                  GET
[+] Threads:                 250
[+] Wordlist:                /usr/share/wordlists/dirbuster/directory-list-2.3-small.txt
[+] Negative Status codes:   404
[+] User Agent:              gobuster/3.1.0
[+] Timeout:                 10s
===============================================================
2022/03/15 09:55:16 Starting gobuster in directory enumeration mode
===============================================================
/assets               (Status: 301) [Size: 234] [--> http://10.10.58.80/assets/]
===============================================================
2022/03/15 10:01:24 Finished
===============================================================
===============================================================
Gobuster v3.1.0
by OJ Reeves (@TheColonial) & Christian Mehlmauer (@firefart)
===============================================================
[+] Url:                     http://10.10.58.80
[+] Method:                  GET
[+] Threads:                 250
[+] Wordlist:                /usr/share/wordlists/dirbuster/directory-list-2.3-small.txt
[+] Negative Status codes:   404
[+] User Agent:              gobuster/3.1.0
[+] Timeout:                 10s
===============================================================
2022/03/15 10:01:24 Starting gobuster in directory enumeration mode
===============================================================
/assets               (Status: 301) [Size: 234] [--> http://10.10.58.80/assets/]
===============================================================
2022/03/15 10:08:53 Finished
===============================================================
