Starting Nmap 7.92 ( https://nmap.org ) at 2022-03-15 09:25 EDT
Nmap scan report for 10.10.58.80
Host is up (0.27s latency).
Not shown: 998 filtered tcp ports (no-response)
PORT   STATE SERVICE
22/tcp open  ssh
80/tcp open  http
|_http-dombased-xss: Couldn't find any DOM based XSS.
|_http-trace: TRACE is enabled
|_http-stored-xss: Couldn't find any stored XSS vulnerabilities.
| http-csrf: 
| Spidering limited to: maxdepth=3; maxpagecount=20; withinhost=10.10.58.80
|   Found the following possible CSRF vulnerabilities: 
|     
|     Path: http://10.10.58.80:80/
|     Form id: contact-form
|     Form action: assets/contact.php
|     
|     Path: http://10.10.58.80:80/index.html
|     Form id: contact-form
|_    Form action: assets/contact.php

Nmap done: 1 IP address (1 host up) scanned in 395.18 seconds
