# Nmap 7.92 scan initiated Wed Mar 30 06:59:02 2022 as: nmap -sV -sC -Pn -A -p 21,22,80,501,6500,6501 -oN ./Results/02-nmap-initial.log 10.10.146.165
Nmap scan report for 10.10.146.165
Host is up (0.23s latency).

PORT     STATE    SERVICE     VERSION
21/tcp   open     ftp         vsftpd 3.0.3
| ftp-syst: 
|   STAT: 
| FTP server status:
|      Connected to ::ffff:10.9.1.15
|      Logged in as ftp
|      TYPE: ASCII
|      No session bandwidth limit
|      Session timeout in seconds is 300
|      Control connection is plain text
|      Data connections will be plain text
|      At session startup, client count was 3
|      vsFTPd 3.0.3 - secure, fast, stable
|_End of status
| ftp-anon: Anonymous FTP login allowed (FTP code 230)
| -rwxr-xr-x    1 0        0             113 Sep 15  2021 password-policy.md
|_-rw-r--r--    1 0        0            1425 Sep 15  2021 ufw.status
22/tcp   open     ssh         OpenSSH 7.6p1 Ubuntu 4ubuntu0.5 (Ubuntu Linux; protocol 2.0)
| ssh-hostkey: 
|   2048 a0:ef:4c:32:28:a6:4c:7f:60:d6:a6:63:32:ac:ab:27 (RSA)
|   256 5a:6d:1a:39:97:00:be:c7:10:6e:36:5c:7f:ca:dc:b2 (ECDSA)
|_  256 0b:77:40:b2:cc:30:8d:8e:45:51:fa:12:7c:e2:95:c7 (ED25519)
80/tcp   open     http        lighttpd 1.4.45
|_http-title: Hamlet Annotation Project
|_http-server-header: lighttpd/1.4.45
501/tcp  open     nagios-nsca Nagios NSCA
6500/tcp filtered boks
6501/tcp filtered boks_servc
Service Info: OSs: Unix, Linux; CPE: cpe:/o:linux:linux_kernel

Service detection performed. Please report any incorrect results at https://nmap.org/submit/ .
# Nmap done at Wed Mar 30 06:59:19 2022 -- 1 IP address (1 host up) scanned in 17.64 seconds
