guildensterne
electronically
entertainment
circumstance
circumstance
alternatively
vnderstanding
apprehension
guildenstern
announcement
conservative
computerized
considerable
transcription
intellectual
infringement
consequential
merchantability
consequential
distribution
modification
distribution
contributions
contribution
substitutions
capitalization
abbreviations
incorporated
compulsatiue
preparations
invulnerable
conueniently
instrumentall
stubbornnesse
vnderstanding
vnpreuayling
vnprofitable
vnproportion
entreatments
questionable
disappointed
imperfections
vneffectuall
encompassement
incontinencie
indirections
vndertakings
transformation
tediousnesse
circumstances
prosperously
anticipation
congregation
quintessence
tyrannically
controuersie
appurtenance
abridgements
remorselesse
malefactions
consummation
vndiscouered
remembrances
determination
commencement
inexplicable
indifferently
conuersation
imaginations
protestation
remembraunce
satisfaction
ambassadours
recognizances
equiuocation
vnsanctified
indiscretion
reconcilement
forgiuenesse
