# Nmap 7.92 scan initiated Fri Mar 18 09:45:22 2022 as: nmap -sC -sV -A -p 80,3389,6500,6501,135,139,443,445,3306,8080,49152,49154,49158,49159,49160 -oN Results/nmap02.log 10.10.69.245
Nmap scan report for 10.10.69.245
Host is up (0.32s latency).

PORT      STATE  SERVICE       VERSION
80/tcp    open   http          Microsoft IIS httpd 7.5
|_http-title: 404 - File or directory not found.
| http-methods: 
|_  Potentially risky methods: TRACE
|_http-server-header: Microsoft-IIS/7.5
135/tcp   open   msrpc         Microsoft Windows RPC
139/tcp   open   netbios-ssn   Microsoft Windows netbios-ssn
443/tcp   open   ssl/http      Apache httpd 2.4.23 (OpenSSL/1.0.2h PHP/5.6.28)
|_http-title: Index of /
| http-methods: 
|_  Potentially risky methods: TRACE
|_ssl-date: TLS randomness does not represent time
| tls-alpn: 
|_  http/1.1
| ssl-cert: Subject: commonName=localhost
| Not valid before: 2009-11-10T23:48:47
|_Not valid after:  2019-11-08T23:48:47
|_http-server-header: Apache/2.4.23 (Win32) OpenSSL/1.0.2h PHP/5.6.28
445/tcp   open   microsoft-ds  Windows 7 Home Basic 7601 Service Pack 1 microsoft-ds (workgroup: WORKGROUP)
3306/tcp  open   mysql         MariaDB (unauthorized)
3389/tcp  closed ms-wbt-server
6500/tcp  closed boks
6501/tcp  closed boks_servc
8080/tcp  open   http          Apache httpd 2.4.23 (OpenSSL/1.0.2h PHP/5.6.28)
|_http-server-header: Apache/2.4.23 (Win32) OpenSSL/1.0.2h PHP/5.6.28
| http-methods: 
|_  Potentially risky methods: TRACE
|_http-title: Index of /
49152/tcp open   msrpc         Microsoft Windows RPC
49154/tcp open   msrpc         Microsoft Windows RPC
49158/tcp open   msrpc         Microsoft Windows RPC
49159/tcp open   msrpc         Microsoft Windows RPC
49160/tcp open   msrpc         Microsoft Windows RPC
Service Info: Hosts: www.example.com, BLUEPRINT, localhost; OS: Windows; CPE: cpe:/o:microsoft:windows

Host script results:
| smb2-time: 
|   date: 2022-03-18T13:46:24
|_  start_date: 2022-03-18T13:32:17
|_nbstat: NetBIOS name: BLUEPRINT, NetBIOS user: <unknown>, NetBIOS MAC: 02:64:20:2b:02:27 (unknown)
|_clock-skew: mean: -4s, deviation: 1s, median: -5s
| smb2-security-mode: 
|   2.1: 
|_    Message signing enabled but not required
| smb-security-mode: 
|   account_used: guest
|   authentication_level: user
|   challenge_response: supported
|_  message_signing: disabled (dangerous, but default)
| smb-os-discovery: 
|   OS: Windows 7 Home Basic 7601 Service Pack 1 (Windows 7 Home Basic 6.1)
|   OS CPE: cpe:/o:microsoft:windows_7::sp1
|   Computer name: BLUEPRINT
|   NetBIOS computer name: BLUEPRINT\x00
|   Workgroup: WORKGROUP\x00
|_  System time: 2022-03-18T13:46:25+00:00

Service detection performed. Please report any incorrect results at https://nmap.org/submit/ .
# Nmap done at Fri Mar 18 09:46:44 2022 -- 1 IP address (1 host up) scanned in 82.33 seconds
